0001_0032_0030_0036_0036.jpg 1 32 30 36 36
0002_0014_0009_0069_0069.jpg 1 14 9 69 69
0003_0034_0030_0033_0033.jpg 1 34 30 33 33
0004_0034_0041_0051_0051.jpg 1 34 41 51 51
0005_0008_0022_0024_0024.jpg 1 8 22 24 24
0006_0044_0036_0036_0036.jpg 1 44 36 36 36
0007_0012_0023_0042_0042.jpg 1 12 23 42 42
0008_0015_0042_0025_0025.jpg 1 15 42 25 25
0009_0027_0024_0060_0060.jpg 1 27 24 60 60
0010_0033_0051_0027_0027.jpg 1 33 51 27 27
0011_0030_0027_0042_0042.jpg 1 30 27 42 42
0012_0035_0039_0055_0055.jpg 1 35 39 55 55
0013_0010_0017_0054_0054.jpg 1 10 17 54 54
0014_0017_0037_0055_0055.jpg 1 17 37 55 55
0015_0033_0027_0037_0037.jpg 1 33 27 37 37
0016_0050_0040_0041_0041.jpg 1 50 40 41 41
0017_0042_0021_0038_0038.jpg 1 42 21 38 38
0018_0030_0031_0053_0053.jpg 1 30 31 53 53
0019_0013_0022_0044_0044.jpg 1 13 22 44 44
0020_0041_0033_0035_0035.jpg 1 41 33 35 35
0021_0031_0007_0043_0043.jpg 1 31 7 43 43
0022_0023_0043_0034_0034.jpg 1 23 43 34 34
0023_0038_0023_0055_0055.jpg 1 38 23 55 55
0024_0048_0032_0040_0040.jpg 1 48 32 40 40
0025_0030_0027_0062_0062.jpg 1 30 27 62 62
0026_0038_0048_0028_0028.jpg 1 38 48 28 28
0027_0021_0056_0035_0035.jpg 1 21 56 35 35
0028_0045_0046_0037_0037.jpg 1 45 46 37 37
0029_0028_0019_0047_0047.jpg 1 28 19 47 47
0030_0046_0015_0034_0034.jpg 1 46 15 34 34
0031_0022_0031_0055_0055.jpg 1 22 31 55 55
0032_0040_0010_0052_0052.jpg 1 40 10 52 52
0033_0037_0010_0058_0058.jpg 1 37 10 58 58
0034_0042_0009_0038_0038.jpg 1 42 9 38 38
0035_0057_0065_0027_0027.jpg 1 57 65 27 27
0036_0007_0027_0058_0058.jpg 1 7 27 58 58
0037_0036_0007_0048_0048.jpg 1 36 7 48 48
0038_0020_0020_0060_0060.jpg 1 20 20 60 60
0039_0050_0058_0026_0026.jpg 1 50 58 26 26
0040_0032_0028_0039_0039.jpg 1 32 28 39 39
0041_0032_0014_0063_0063.jpg 1 32 14 63 63
0042_0016_0030_0032_0032.jpg 1 16 30 32 32
0043_0051_0039_0041_0041.jpg 1 51 39 41 41
0044_0031_0012_0034_0034.jpg 1 31 12 34 34
0045_0029_0035_0041_0041.jpg 1 29 35 41 41
0046_0027_0026_0025_0025.jpg 1 27 26 25 25
0047_0007_0063_0028_0028.jpg 1 7 63 28 28
0048_0024_0054_0038_0038.jpg 1 24 54 38 38
0049_0030_0034_0035_0035.jpg 1 30 34 35 35
0050_0027_0004_0069_0069.jpg 1 27 4 69 69
0051_0052_0043_0035_0035.jpg 1 52 43 35 35
0052_0015_0030_0063_0063.jpg 1 15 30 63 63
0053_0003_0013_0068_0068.jpg 1 3 13 68 68
0054_0007_0028_0064_0064.jpg 1 7 28 64 64
0055_0041_0032_0048_0048.jpg 1 41 32 48 48
0056_0010_0010_0051_0051.jpg 1 10 10 51 51
0057_0065_0041_0027_0027.jpg 1 65 41 27 27
0058_0019_0015_0055_0055.jpg 1 19 15 55 55
0059_0020_0014_0039_0039.jpg 1 20 14 39 39
0060_0019_0014_0052_0052.jpg 1 19 14 52 52
0061_0016_0012_0061_0061.jpg 1 16 12 61 61
0062_0015_0024_0045_0045.jpg 1 15 24 45 45
0063_0066_0036_0026_0026.jpg 1 66 36 26 26
0064_0017_0020_0065_0065.jpg 1 17 20 65 65
0065_0050_0009_0037_0037.jpg 1 50 9 37 37
0066_0032_0024_0055_0055.jpg 1 32 24 55 55
0067_0019_0012_0050_0050.jpg 1 19 12 50 50
0068_0028_0010_0066_0066.jpg 1 28 10 66 66
0069_0017_0012_0025_0025.jpg 1 17 12 25 25
0070_0058_0020_0030_0030.jpg 1 58 20 30 30
0071_0055_0046_0036_0036.jpg 1 55 46 36 36
0072_0018_0008_0053_0053.jpg 1 18 8 53 53
0073_0039_0030_0051_0051.jpg 1 39 30 51 51
0074_0008_0035_0059_0059.jpg 1 8 35 59 59
0075_0052_0046_0036_0036.jpg 1 52 46 36 36
0076_0029_0026_0037_0037.jpg 1 29 26 37 37
0077_0062_0032_0028_0028.jpg 1 62 32 28 28
0078_0006_0034_0042_0042.jpg 1 6 34 42 42
0079_0021_0026_0059_0059.jpg 1 21 26 59 59
0080_0011_0026_0069_0069.jpg 1 11 26 69 69
0081_0063_0062_0025_0025.jpg 1 63 62 25 25
0082_0005_0024_0064_0064.jpg 1 5 24 64 64
0083_0007_0010_0057_0057.jpg 1 7 10 57 57
0084_0011_0004_0055_0055.jpg 1 11 4 55 55
0085_0060_0051_0027_0027.jpg 1 60 51 27 27
0086_0008_0026_0052_0052.jpg 1 8 26 52 52
0087_0007_0007_0068_0068.jpg 1 7 7 68 68
0088_0029_0030_0045_0045.jpg 1 29 30 45 45
0089_0035_0022_0056_0056.jpg 1 35 22 56 56
0090_0059_0020_0026_0026.jpg 1 59 20 26 26
0091_0009_0007_0068_0068.jpg 1 9 7 68 68
0092_0033_0024_0034_0034.jpg 1 33 24 34 34
0093_0017_0037_0051_0051.jpg 1 17 37 51 51
0094_0028_0022_0062_0062.jpg 1 28 22 62 62
0095_0009_0040_0053_0053.jpg 1 9 40 53 53
0096_0034_0007_0043_0043.jpg 1 34 7 43 43
0097_0008_0035_0060_0060.jpg 1 8 35 60 60
0098_0025_0057_0033_0033.jpg 1 25 57 33 33
0099_0030_0026_0064_0064.jpg 1 30 26 64 64
0100_0025_0031_0053_0053.jpg 1 25 31 53 53
0101_0051_0036_0041_0041.jpg 1 51 36 41 41
0102_0028_0033_0024_0024.jpg 1 28 33 24 24
0103_0017_0019_0059_0059.jpg 1 17 19 59 59
0104_0029_0038_0049_0049.jpg 1 29 38 49 49
0105_0009_0029_0059_0059.jpg 1 9 29 59 59
0106_0019_0048_0025_0025.jpg 1 19 48 25 25
0107_0047_0011_0043_0043.jpg 1 47 11 43 43
0108_0017_0018_0058_0058.jpg 1 17 18 58 58
0109_0032_0018_0060_0060.jpg 1 32 18 60 60
0110_0017_0040_0049_0049.jpg 1 17 40 49 49
0111_0010_0007_0054_0054.jpg 1 10 7 54 54
0112_0034_0010_0048_0048.jpg 1 34 10 48 48
0113_0018_0015_0063_0063.jpg 1 18 15 63 63
0114_0035_0028_0031_0031.jpg 1 35 28 31 31
0115_0013_0017_0068_0068.jpg 1 13 17 68 68
0116_0046_0011_0039_0039.jpg 1 46 11 39 39
0117_0030_0031_0035_0035.jpg 1 30 31 35 35
0118_0012_0032_0061_0061.jpg 1 12 32 61 61
0119_0023_0005_0067_0067.jpg 1 23 5 67 67
0120_0020_0021_0044_0044.jpg 1 20 21 44 44
0121_0027_0018_0025_0025.jpg 1 27 18 25 25
0122_0017_0042_0026_0026.jpg 1 17 42 26 26
0123_0029_0005_0057_0057.jpg 1 29 5 57 57
0124_0023_0035_0040_0040.jpg 1 23 35 40 40
0125_0029_0015_0024_0024.jpg 1 29 15 24 24
0126_0015_0029_0060_0060.jpg 1 15 29 60 60
0127_0033_0008_0053_0053.jpg 1 33 8 53 53
0128_0018_0013_0065_0065.jpg 1 18 13 65 65
0129_0056_0011_0031_0031.jpg 1 56 11 31 31
0130_0048_0063_0029_0029.jpg 1 48 63 29 29
0131_0008_0019_0051_0051.jpg 1 8 19 51 51
0132_0054_0035_0029_0029.jpg 1 54 35 29 29
0133_0035_0022_0040_0040.jpg 1 35 22 40 40
0134_0025_0015_0053_0053.jpg 1 25 15 53 53
0135_0033_0032_0060_0060.jpg 1 33 32 60 60
0136_0011_0028_0056_0056.jpg 1 11 28 56 56
0137_0052_0057_0033_0033.jpg 1 52 57 33 33
0138_0040_0012_0043_0043.jpg 1 40 12 43 43
0139_0028_0005_0055_0055.jpg 1 28 5 55 55
0140_0012_0005_0057_0057.jpg 1 12 5 57 57
0141_0025_0015_0060_0060.jpg 1 25 15 60 60
0142_0013_0019_0065_0065.jpg 1 13 19 65 65
0143_0014_0028_0065_0065.jpg 1 14 28 65 65
0144_0056_0014_0024_0024.jpg 1 56 14 24 24
0145_0010_0010_0065_0065.jpg 1 10 10 65 65
0146_0004_0025_0068_0068.jpg 1 4 25 68 68
0147_0018_0033_0058_0058.jpg 1 18 33 58 58
0148_0022_0036_0046_0046.jpg 1 22 36 46 46
0149_0010_0030_0064_0064.jpg 1 10 30 64 64
0150_0013_0010_0069_0069.jpg 1 13 10 69 69
0151_0025_0043_0036_0036.jpg 1 25 43 36 36
0152_0033_0044_0050_0050.jpg 1 33 44 50 50
0153_0006_0012_0044_0044.jpg 1 6 12 44 44
0154_0045_0025_0042_0042.jpg 1 45 25 42 42
0155_0018_0032_0059_0059.jpg 1 18 32 59 59
0156_0016_0054_0025_0025.jpg 1 16 54 25 25
0157_0025_0029_0053_0053.jpg 1 25 29 53 53
0158_0032_0040_0053_0053.jpg 1 32 40 53 53
0159_0013_0019_0047_0047.jpg 1 13 19 47 47
0160_0035_0013_0055_0055.jpg 1 35 13 55 55
0161_0054_0060_0033_0033.jpg 1 54 60 33 33
0162_0022_0010_0062_0062.jpg 1 22 10 62 62
0163_0022_0013_0024_0024.jpg 1 22 13 24 24
0164_0042_0052_0027_0027.jpg 1 42 52 27 27
0165_0033_0024_0059_0059.jpg 1 33 24 59 59
0166_0031_0044_0043_0043.jpg 1 31 44 43 43
0167_0021_0018_0052_0052.jpg 1 21 18 52 52
0168_0003_0019_0069_0069.jpg 1 3 19 69 69
0169_0065_0058_0025_0025.jpg 1 65 58 25 25
0170_0005_0011_0064_0064.jpg 1 5 11 64 64
0171_0042_0029_0026_0026.jpg 1 42 29 26 26
0172_0023_0007_0069_0069.jpg 1 23 7 69 69
0173_0014_0013_0063_0063.jpg 1 14 13 63 63
0174_0029_0047_0029_0029.jpg 1 29 47 29 29
0175_0026_0010_0046_0046.jpg 1 26 10 46 46
0176_0021_0007_0029_0029.jpg 1 21 7 29 29
0177_0009_0017_0068_0068.jpg 1 9 17 68 68
0178_0003_0020_0067_0067.jpg 1 3 20 67 67
0179_0010_0029_0057_0057.jpg 1 10 29 57 57
0180_0019_0023_0032_0032.jpg 1 19 23 32 32
0181_0005_0012_0061_0061.jpg 1 5 12 61 61
0182_0037_0029_0053_0053.jpg 1 37 29 53 53
0183_0022_0012_0038_0038.jpg 1 22 12 38 38
0184_0030_0034_0051_0051.jpg 1 30 34 51 51
0185_0029_0030_0058_0058.jpg 1 29 30 58 58
0186_0031_0028_0055_0055.jpg 1 31 28 55 55
0187_0012_0006_0059_0059.jpg 1 12 6 59 59
0188_0038_0044_0046_0046.jpg 1 38 44 46 46
0189_0030_0013_0041_0041.jpg 1 30 13 41 41
0190_0045_0054_0031_0031.jpg 1 45 54 31 31
0191_0015_0027_0068_0068.jpg 1 15 27 68 68
0192_0016_0032_0061_0061.jpg 1 16 32 61 61
0193_0015_0054_0026_0026.jpg 1 15 54 26 26
0194_0030_0024_0048_0048.jpg 1 30 24 48 48
0195_0036_0024_0055_0055.jpg 1 36 24 55 55
0196_0018_0012_0066_0066.jpg 1 18 12 66 66
0197_0028_0023_0062_0062.jpg 1 28 23 62 62
0198_0023_0026_0047_0047.jpg 1 23 26 47 47
0199_0025_0053_0032_0032.jpg 1 25 53 32 32
0200_0004_0027_0063_0063.jpg 1 4 27 63 63
0201_0017_0036_0053_0053.jpg 1 17 36 53 53
0202_0022_0017_0069_0069.jpg 1 22 17 69 69
0203_0006_0005_0059_0059.jpg 1 6 5 59 59
0204_0008_0033_0063_0063.jpg 1 8 33 63 63
0205_0027_0026_0045_0045.jpg 1 27 26 45 45
0206_0043_0017_0039_0039.jpg 1 43 17 39 39
0207_0039_0017_0039_0039.jpg 1 39 17 39 39
0208_0026_0010_0058_0058.jpg 1 26 10 58 58
0209_0032_0013_0057_0057.jpg 1 32 13 57 57
0210_0008_0026_0058_0058.jpg 1 8 26 58 58
0211_0009_0016_0051_0051.jpg 1 9 16 51 51
0212_0047_0041_0036_0036.jpg 1 47 41 36 36
0213_0033_0032_0032_0032.jpg 1 33 32 32 32
0214_0007_0028_0063_0063.jpg 1 7 28 63 63
0215_0019_0027_0053_0053.jpg 1 19 27 53 53
0216_0026_0015_0068_0068.jpg 1 26 15 68 68
0217_0007_0052_0033_0033.jpg 1 7 52 33 33
0218_0031_0033_0051_0051.jpg 1 31 33 51 51
0219_0039_0012_0046_0046.jpg 1 39 12 46 46
0220_0006_0043_0049_0049.jpg 1 6 43 49 49
0221_0048_0016_0035_0035.jpg 1 48 16 35 35
0222_0019_0009_0068_0068.jpg 1 19 9 68 68
0223_0049_0009_0037_0037.jpg 1 49 9 37 37
0224_0039_0016_0049_0049.jpg 1 39 16 49 49
0225_0011_0020_0036_0036.jpg 1 11 20 36 36
0226_0014_0038_0031_0031.jpg 1 14 38 31 31
0227_0017_0033_0036_0036.jpg 1 17 33 36 36
0228_0026_0016_0064_0064.jpg 1 26 16 64 64
0229_0014_0013_0067_0067.jpg 1 14 13 67 67
0230_0017_0019_0065_0065.jpg 1 17 19 65 65
0231_0016_0033_0052_0052.jpg 1 16 33 52 52
0232_0009_0032_0038_0038.jpg 1 9 32 38 38
0233_0027_0019_0067_0067.jpg 1 27 19 67 67
0234_0023_0007_0069_0069.jpg 1 23 7 69 69
0235_0037_0029_0043_0043.jpg 1 37 29 43 43
0236_0024_0023_0065_0065.jpg 1 24 23 65 65
0237_0037_0007_0032_0032.jpg 1 37 7 32 32
0238_0057_0038_0034_0034.jpg 1 57 38 34 34
0239_0039_0024_0049_0049.jpg 1 39 24 49 49
0240_0037_0032_0047_0047.jpg 1 37 32 47 47
0241_0034_0020_0042_0042.jpg 1 34 20 42 42
0242_0026_0008_0056_0056.jpg 1 26 8 56 56
0243_0048_0050_0028_0028.jpg 1 48 50 28 28
0244_0013_0017_0061_0061.jpg 1 13 17 61 61
0245_0021_0004_0054_0054.jpg 1 21 4 54 54
0246_0031_0013_0061_0061.jpg 1 31 13 61 61
0247_0008_0028_0064_0064.jpg 1 8 28 64 64
0248_0050_0035_0034_0034.jpg 1 50 35 34 34
0249_0029_0028_0060_0060.jpg 1 29 28 60 60
0250_0022_0015_0046_0046.jpg 1 22 15 46 46
0251_0021_0043_0044_0044.jpg 1 21 43 44 44
0252_0030_0025_0061_0061.jpg 1 30 25 61 61
0253_0022_0035_0053_0053.jpg 1 22 35 53 53
0254_0031_0009_0057_0057.jpg 1 31 9 57 57
0255_0037_0034_0039_0039.jpg 1 37 34 39 39
0256_0023_0026_0056_0056.jpg 1 23 26 56 56
0257_0030_0018_0033_0033.jpg 1 30 18 33 33
0258_0007_0009_0063_0063.jpg 1 7 9 63 63
0259_0030_0056_0031_0031.jpg 1 30 56 31 31
0260_0028_0013_0061_0061.jpg 1 28 13 61 61
0261_0008_0032_0036_0036.jpg 1 8 32 36 36
0262_0017_0033_0042_0042.jpg 1 17 33 42 42
0263_0034_0030_0054_0054.jpg 1 34 30 54 54
0264_0020_0032_0031_0031.jpg 1 20 32 31 31
0265_0007_0025_0061_0061.jpg 1 7 25 61 61
0266_0024_0004_0066_0066.jpg 1 24 4 66 66
0267_0029_0028_0027_0027.jpg 1 29 28 27 27
0268_0026_0020_0034_0034.jpg 1 26 20 34 34
0269_0008_0008_0052_0052.jpg 1 8 8 52 52
0270_0009_0021_0043_0043.jpg 1 9 21 43 43
0271_0043_0040_0050_0050.jpg 1 43 40 50 50
0272_0028_0008_0062_0062.jpg 1 28 8 62 62
0273_0008_0043_0032_0032.jpg 1 8 43 32 32
0274_0022_0024_0055_0055.jpg 1 22 24 55 55
0275_0015_0041_0045_0045.jpg 1 15 41 45 45
0276_0046_0044_0042_0042.jpg 1 46 44 42 42
0277_0033_0044_0041_0041.jpg 1 33 44 41 41
0278_0036_0034_0027_0027.jpg 1 36 34 27 27
0279_0044_0011_0045_0045.jpg 1 44 11 45 45
0280_0007_0029_0060_0060.jpg 1 7 29 60 60
0281_0043_0008_0030_0030.jpg 1 43 8 30 30
0282_0011_0011_0068_0068.jpg 1 11 11 68 68
0283_0051_0035_0043_0043.jpg 1 51 35 43 43
0284_0045_0033_0046_0046.jpg 1 45 33 46 46
0285_0009_0008_0062_0062.jpg 1 9 8 62 62
0286_0043_0022_0033_0033.jpg 1 43 22 33 33
0287_0028_0056_0029_0029.jpg 1 28 56 29 29
0288_0032_0026_0041_0041.jpg 1 32 26 41 41
0289_0005_0016_0068_0068.jpg 1 5 16 68 68
0290_0030_0028_0063_0063.jpg 1 30 28 63 63
0291_0011_0014_0042_0042.jpg 1 11 14 42 42
0292_0043_0020_0030_0030.jpg 1 43 20 30 30
0293_0037_0029_0058_0058.jpg 1 37 29 58 58
0294_0044_0037_0050_0050.jpg 1 44 37 50 50
0295_0055_0049_0026_0026.jpg 1 55 49 26 26
0296_0005_0022_0056_0056.jpg 1 5 22 56 56
0297_0030_0032_0049_0049.jpg 1 30 32 49 49
0298_0046_0024_0041_0041.jpg 1 46 24 41 41
0299_0011_0039_0046_0046.jpg 1 11 39 46 46
0300_0003_0019_0067_0067.jpg 1 3 19 67 67
0301_0031_0023_0051_0051.jpg 1 31 23 51 51
0302_0039_0013_0056_0056.jpg 1 39 13 56 56
0303_0032_0026_0057_0057.jpg 1 32 26 57 57
0304_0027_0016_0066_0066.jpg 1 27 16 66 66
0305_0026_0033_0041_0041.jpg 1 26 33 41 41
0306_0021_0020_0047_0047.jpg 1 21 20 47 47
0307_0044_0030_0036_0036.jpg 1 44 30 36 36
0308_0033_0033_0062_0062.jpg 1 33 33 62 62
0309_0019_0015_0052_0052.jpg 1 19 15 52 52
0310_0009_0020_0062_0062.jpg 1 9 20 62 62
0311_0048_0026_0034_0034.jpg 1 48 26 34 34
0312_0034_0017_0055_0055.jpg 1 34 17 55 55
0313_0019_0006_0061_0061.jpg 1 19 6 61 61
0314_0023_0049_0039_0039.jpg 1 23 49 39 39
0315_0058_0022_0035_0035.jpg 1 58 22 35 35
0316_0051_0021_0029_0029.jpg 1 51 21 29 29
0317_0026_0031_0052_0052.jpg 1 26 31 52 52
0318_0061_0030_0031_0031.jpg 1 61 30 31 31
0319_0019_0004_0054_0054.jpg 1 19 4 54 54
0320_0062_0041_0024_0024.jpg 1 62 41 24 24
0321_0029_0017_0040_0040.jpg 1 29 17 40 40
0322_0019_0034_0039_0039.jpg 1 19 34 39 39
0323_0016_0030_0058_0058.jpg 1 16 30 58 58
0324_0030_0034_0024_0024.jpg 1 30 34 24 24
0325_0009_0022_0044_0044.jpg 1 9 22 44 44
0326_0048_0016_0029_0029.jpg 1 48 16 29 29
0327_0021_0013_0046_0046.jpg 1 21 13 46 46
0328_0022_0040_0024_0024.jpg 1 22 40 24 24
0329_0044_0021_0046_0046.jpg 1 44 21 46 46
0330_0019_0019_0067_0067.jpg 1 19 19 67 67
0331_0040_0040_0052_0052.jpg 1 40 40 52 52
0332_0027_0048_0030_0030.jpg 1 27 48 30 30
0333_0037_0064_0024_0024.jpg 1 37 64 24 24
0334_0015_0019_0050_0050.jpg 1 15 19 50 50
0335_0010_0029_0058_0058.jpg 1 10 29 58 58
0336_0008_0030_0050_0050.jpg 1 8 30 50 50
0337_0014_0029_0058_0058.jpg 1 14 29 58 58
0338_0034_0038_0057_0057.jpg 1 34 38 57 57
0339_0040_0021_0042_0042.jpg 1 40 21 42 42
0340_0013_0016_0058_0058.jpg 1 13 16 58 58
0341_0008_0008_0032_0032.jpg 1 8 8 32 32
0342_0042_0045_0036_0036.jpg 1 42 45 36 36
0343_0045_0008_0046_0046.jpg 1 45 8 46 46
0344_0027_0048_0043_0043.jpg 1 27 48 43 43
0345_0015_0019_0036_0036.jpg 1 15 19 36 36
0346_0027_0054_0032_0032.jpg 1 27 54 32 32
0347_0039_0033_0046_0046.jpg 1 39 33 46 46
0348_0056_0017_0033_0033.jpg 1 56 17 33 33
0349_0018_0005_0067_0067.jpg 1 18 5 67 67
0350_0019_0024_0043_0043.jpg 1 19 24 43 43
0351_0026_0031_0039_0039.jpg 1 26 31 39 39
0352_0017_0020_0047_0047.jpg 1 17 20 47 47
0353_0008_0034_0055_0055.jpg 1 8 34 55 55
0354_0019_0033_0056_0056.jpg 1 19 33 56 56
0355_0048_0020_0027_0027.jpg 1 48 20 27 27
0356_0038_0037_0049_0049.jpg 1 38 37 49 49
0357_0013_0014_0025_0025.jpg 1 13 14 25 25
0358_0037_0025_0041_0041.jpg 1 37 25 41 41
0359_0025_0035_0038_0038.jpg 1 25 35 38 38
0360_0059_0025_0032_0032.jpg 1 59 25 32 32
0361_0015_0013_0063_0063.jpg 1 15 13 63 63
0362_0003_0010_0062_0062.jpg 1 3 10 62 62
0363_0030_0011_0051_0051.jpg 1 30 11 51 51
0364_0008_0030_0061_0061.jpg 1 8 30 61 61
0365_0005_0019_0064_0064.jpg 1 5 19 64 64
0366_0035_0010_0059_0059.jpg 1 35 10 59 59
0367_0031_0059_0032_0032.jpg 1 31 59 32 32
0368_0022_0055_0031_0031.jpg 1 22 55 31 31
0369_0020_0018_0069_0069.jpg 1 20 18 69 69
0370_0008_0027_0040_0040.jpg 1 8 27 40 40
0371_0051_0061_0026_0026.jpg 1 51 61 26 26
0372_0024_0017_0054_0054.jpg 1 24 17 54 54
0373_0017_0024_0060_0060.jpg 1 17 24 60 60
0374_0008_0020_0063_0063.jpg 1 8 20 63 63
0375_0028_0037_0040_0040.jpg 1 28 37 40 40
0376_0012_0044_0049_0049.jpg 1 12 44 49 49
0377_0052_0010_0031_0031.jpg 1 52 10 31 31
0378_0009_0030_0036_0036.jpg 1 9 30 36 36
0379_0036_0051_0041_0041.jpg 1 36 51 41 41
0380_0032_0025_0062_0062.jpg 1 32 25 62 62
0381_0005_0026_0068_0068.jpg 1 5 26 68 68
0382_0032_0062_0028_0028.jpg 1 32 62 28 28
0383_0017_0030_0048_0048.jpg 1 17 30 48 48
0384_0012_0015_0029_0029.jpg 1 12 15 29 29
0385_0027_0057_0033_0033.jpg 1 27 57 33 33
0386_0035_0040_0053_0053.jpg 1 35 40 53 53
0387_0032_0008_0024_0024.jpg 1 32 8 24 24
0388_0012_0026_0058_0058.jpg 1 12 26 58 58
0389_0018_0020_0069_0069.jpg 1 18 20 69 69
0390_0021_0007_0061_0061.jpg 1 21 7 61 61
0391_0037_0011_0053_0053.jpg 1 37 11 53 53
0392_0027_0021_0043_0043.jpg 1 27 21 43 43
0393_0029_0038_0044_0044.jpg 1 29 38 44 44
0394_0018_0025_0064_0064.jpg 1 18 25 64 64
0395_0014_0004_0067_0067.jpg 1 14 4 67 67
0396_0016_0022_0049_0049.jpg 1 16 22 49 49
0397_0021_0017_0067_0067.jpg 1 21 17 67 67
0398_0044_0012_0050_0050.jpg 1 44 12 50 50
0399_0005_0028_0062_0062.jpg 1 5 28 62 62
0400_0019_0011_0068_0068.jpg 1 19 11 68 68
0401_0031_0016_0046_0046.jpg 1 31 16 46 46
0402_0022_0029_0041_0041.jpg 1 22 29 41 41
0403_0047_0053_0035_0035.jpg 1 47 53 35 35
0404_0033_0029_0054_0054.jpg 1 33 29 54 54
0405_0015_0055_0027_0027.jpg 1 15 55 27 27
0406_0022_0035_0058_0058.jpg 1 22 35 58 58
0407_0021_0018_0035_0035.jpg 1 21 18 35 35
0408_0013_0014_0048_0048.jpg 1 13 14 48 48
0409_0016_0013_0053_0053.jpg 1 16 13 53 53
0410_0018_0007_0067_0067.jpg 1 18 7 67 67
0411_0018_0039_0032_0032.jpg 1 18 39 32 32
0412_0058_0055_0025_0025.jpg 1 58 55 25 25
0413_0042_0030_0035_0035.jpg 1 42 30 35 35
0414_0028_0005_0059_0059.jpg 1 28 5 59 59
0415_0061_0052_0026_0026.jpg 1 61 52 26 26
0416_0028_0062_0029_0029.jpg 1 28 62 29 29
0417_0005_0016_0058_0058.jpg 1 5 16 58 58
0418_0004_0016_0057_0057.jpg 1 4 16 57 57
0419_0014_0015_0059_0059.jpg 1 14 15 59 59
0420_0037_0013_0046_0046.jpg 1 37 13 46 46
0421_0027_0020_0057_0057.jpg 1 27 20 57 57
0422_0026_0028_0031_0031.jpg 1 26 28 31 31
0423_0025_0028_0068_0068.jpg 1 25 28 68 68
0424_0060_0033_0029_0029.jpg 1 60 33 29 29
0425_0023_0046_0032_0032.jpg 1 23 46 32 32
0426_0033_0033_0056_0056.jpg 1 33 33 56 56
0427_0026_0042_0049_0049.jpg 1 26 42 49 49
0428_0058_0023_0032_0032.jpg 1 58 23 32 32
0429_0036_0019_0041_0041.jpg 1 36 19 41 41
0430_0022_0011_0066_0066.jpg 1 22 11 66 66
0431_0020_0046_0045_0045.jpg 1 20 46 45 45
0432_0009_0057_0032_0032.jpg 1 9 57 32 32
0433_0047_0025_0030_0030.jpg 1 47 25 30 30
0434_0005_0003_0068_0068.jpg 1 5 3 68 68
0435_0056_0036_0032_0032.jpg 1 56 36 32 32
0436_0049_0017_0026_0026.jpg 1 49 17 26 26
0437_0042_0022_0048_0048.jpg 1 42 22 48 48
0438_0027_0031_0037_0037.jpg 1 27 31 37 37
0439_0066_0041_0024_0024.jpg 1 66 41 24 24
0440_0021_0023_0068_0068.jpg 1 21 23 68 68
0441_0007_0031_0034_0034.jpg 1 7 31 34 34
0442_0007_0037_0057_0057.jpg 1 7 37 57 57
0443_0041_0019_0041_0041.jpg 1 41 19 41 41
0444_0034_0030_0024_0024.jpg 1 34 30 24 24
0445_0013_0029_0035_0035.jpg 1 13 29 35 35
0446_0059_0042_0027_0027.jpg 1 59 42 27 27
0447_0041_0040_0027_0027.jpg 1 41 40 27 27
0448_0014_0038_0044_0044.jpg 1 14 38 44 44
0449_0042_0030_0028_0028.jpg 1 42 30 28 28
0450_0035_0035_0042_0042.jpg 1 35 35 42 42
0451_0024_0015_0051_0051.jpg 1 24 15 51 51
0452_0049_0040_0045_0045.jpg 1 49 40 45 45
0453_0028_0015_0060_0060.jpg 1 28 15 60 60
0454_0017_0027_0033_0033.jpg 1 17 27 33 33
0455_0029_0030_0051_0051.jpg 1 29 30 51 51
0456_0023_0010_0052_0052.jpg 1 23 10 52 52
0457_0033_0006_0054_0054.jpg 1 33 6 54 54
0458_0014_0008_0064_0064.jpg 1 14 8 64 64
0459_0029_0012_0027_0027.jpg 1 29 12 27 27
0460_0032_0030_0039_0039.jpg 1 32 30 39 39
0461_0017_0027_0041_0041.jpg 1 17 27 41 41
0462_0049_0011_0025_0025.jpg 1 49 11 25 25
0463_0016_0041_0030_0030.jpg 1 16 41 30 30
0464_0031_0014_0061_0061.jpg 1 31 14 61 61
0465_0024_0022_0062_0062.jpg 1 24 22 62 62
0466_0038_0048_0036_0036.jpg 1 38 48 36 36
0467_0026_0022_0063_0063.jpg 1 26 22 63 63
0468_0042_0019_0050_0050.jpg 1 42 19 50 50
0469_0033_0043_0041_0041.jpg 1 33 43 41 41
0470_0050_0011_0040_0040.jpg 1 50 11 40 40
0471_0032_0021_0056_0056.jpg 1 32 21 56 56
0472_0007_0030_0063_0063.jpg 1 7 30 63 63
0473_0015_0012_0068_0068.jpg 1 15 12 68 68
0474_0011_0031_0037_0037.jpg 1 11 31 37 37
0475_0019_0005_0054_0054.jpg 1 19 5 54 54
0476_0034_0054_0033_0033.jpg 1 34 54 33 33
0477_0047_0030_0047_0047.jpg 1 47 30 47 47
0478_0029_0023_0044_0044.jpg 1 29 23 44 44
0479_0028_0006_0054_0054.jpg 1 28 6 54 54
0480_0039_0024_0047_0047.jpg 1 39 24 47 47
0481_0010_0007_0067_0067.jpg 1 10 7 67 67
0482_0014_0039_0054_0054.jpg 1 14 39 54 54
0483_0012_0011_0043_0043.jpg 1 12 11 43 43
0484_0003_0011_0065_0065.jpg 1 3 11 65 65
0485_0034_0050_0041_0041.jpg 1 34 50 41 41
0486_0008_0012_0054_0054.jpg 1 8 12 54 54
0487_0033_0030_0045_0045.jpg 1 33 30 45 45
0488_0025_0057_0032_0032.jpg 1 25 57 32 32
0489_0012_0020_0035_0035.jpg 1 12 20 35 35
0490_0044_0018_0042_0042.jpg 1 44 18 42 42
0491_0037_0019_0052_0052.jpg 1 37 19 52 52
0492_0045_0024_0044_0044.jpg 1 45 24 44 44
0493_0012_0059_0026_0026.jpg 1 12 59 26 26
0494_0036_0022_0027_0027.jpg 1 36 22 27 27
0495_0017_0024_0062_0062.jpg 1 17 24 62 62
0496_0020_0024_0069_0069.jpg 1 20 24 69 69
0497_0025_0026_0024_0024.jpg 1 25 26 24 24
0498_0022_0042_0039_0039.jpg 1 22 42 39 39
0499_0007_0006_0045_0045.jpg 1 7 6 45 45
0500_0013_0007_0055_0055.jpg 1 13 7 55 55
0501_0051_0048_0042_0042.jpg 1 51 48 42 42
0502_0032_0037_0029_0029.jpg 1 32 37 29 29
0503_0038_0022_0051_0051.jpg 1 38 22 51 51
0504_0032_0012_0055_0055.jpg 1 32 12 55 55
0505_0016_0053_0031_0031.jpg 1 16 53 31 31
0506_0066_0014_0025_0025.jpg 1 66 14 25 25
0507_0016_0026_0039_0039.jpg 1 16 26 39 39
0508_0042_0038_0040_0040.jpg 1 42 38 40 40
0509_0053_0049_0032_0032.jpg 1 53 49 32 32
0510_0008_0044_0049_0049.jpg 1 8 44 49 49
0511_0019_0048_0034_0034.jpg 1 19 48 34 34
0512_0049_0009_0040_0040.jpg 1 49 9 40 40
0513_0022_0015_0035_0035.jpg 1 22 15 35 35
0514_0050_0052_0027_0027.jpg 1 50 52 27 27
0515_0017_0006_0056_0056.jpg 1 17 6 56 56
0516_0023_0021_0057_0057.jpg 1 23 21 57 57
0517_0049_0010_0039_0039.jpg 1 49 10 39 39
0518_0025_0015_0039_0039.jpg 1 25 15 39 39
0519_0007_0048_0032_0032.jpg 1 7 48 32 32
0520_0028_0029_0030_0030.jpg 1 28 29 30 30
0521_0056_0025_0031_0031.jpg 1 56 25 31 31
0522_0008_0020_0056_0056.jpg 1 8 20 56 56
0523_0041_0046_0044_0044.jpg 1 41 46 44 44
0524_0019_0042_0046_0046.jpg 1 19 42 46 46
0525_0044_0030_0049_0049.jpg 1 44 30 49 49
0526_0035_0015_0045_0045.jpg 1 35 15 45 45
0527_0061_0026_0025_0025.jpg 1 61 26 25 25
0528_0033_0037_0057_0057.jpg 1 33 37 57 57
0529_0014_0038_0052_0052.jpg 1 14 38 52 52
0530_0011_0046_0025_0025.jpg 1 11 46 25 25
0531_0014_0009_0065_0065.jpg 1 14 9 65 65
0532_0031_0011_0044_0044.jpg 1 31 11 44 44
0533_0043_0044_0049_0049.jpg 1 43 44 49 49
0534_0039_0038_0050_0050.jpg 1 39 38 50 50
0535_0017_0032_0060_0060.jpg 1 17 32 60 60
0536_0048_0038_0045_0045.jpg 1 48 38 45 45
0537_0051_0049_0043_0043.jpg 1 51 49 43 43
0538_0035_0033_0059_0059.jpg 1 35 33 59 59
0539_0036_0032_0057_0057.jpg 1 36 32 57 57
0540_0008_0028_0064_0064.jpg 1 8 28 64 64
0541_0029_0042_0025_0025.jpg 1 29 42 25 25
0542_0018_0034_0045_0045.jpg 1 18 34 45 45
0543_0036_0017_0042_0042.jpg 1 36 17 42 42
0544_0037_0048_0039_0039.jpg 1 37 48 39 39
0545_0020_0050_0024_0024.jpg 1 20 50 24 24
0546_0032_0020_0054_0054.jpg 1 32 20 54 54
0547_0044_0065_0024_0024.jpg 1 44 65 24 24
0548_0036_0012_0026_0026.jpg 1 36 12 26 26
0549_0021_0006_0067_0067.jpg 1 21 6 67 67
0550_0011_0024_0063_0063.jpg 1 11 24 63 63
0551_0033_0041_0025_0025.jpg 1 33 41 25 25
0552_0052_0053_0032_0032.jpg 1 52 53 32 32
0553_0012_0038_0040_0040.jpg 1 12 38 40 40
0554_0013_0022_0057_0057.jpg 1 13 22 57 57
0555_0019_0018_0067_0067.jpg 1 19 18 67 67
0556_0032_0030_0062_0062.jpg 1 32 30 62 62
0557_0008_0029_0042_0042.jpg 1 8 29 42 42
0558_0031_0042_0046_0046.jpg 1 31 42 46 46
0559_0038_0012_0054_0054.jpg 1 38 12 54 54
0560_0051_0031_0024_0024.jpg 1 51 31 24 24
0561_0015_0022_0043_0043.jpg 1 15 22 43 43
0562_0005_0034_0061_0061.jpg 1 5 34 61 61
0563_0019_0018_0027_0027.jpg 1 19 18 27 27
0564_0008_0022_0041_0041.jpg 1 8 22 41 41
0565_0023_0007_0063_0063.jpg 1 23 7 63 63
0566_0019_0019_0068_0068.jpg 1 19 19 68 68
0567_0028_0031_0049_0049.jpg 1 28 31 49 49
0568_0012_0019_0037_0037.jpg 1 12 19 37 37
0569_0029_0006_0051_0051.jpg 1 29 6 51 51
0570_0033_0008_0049_0049.jpg 1 33 8 49 49
0571_0033_0014_0045_0045.jpg 1 33 14 45 45
0572_0014_0024_0035_0035.jpg 1 14 24 35 35
0573_0047_0008_0042_0042.jpg 1 47 8 42 42
0574_0016_0016_0060_0060.jpg 1 16 16 60 60
0575_0008_0034_0037_0037.jpg 1 8 34 37 37
0576_0034_0039_0029_0029.jpg 1 34 39 29 29
0577_0038_0045_0045_0045.jpg 1 38 45 45 45
0578_0028_0006_0051_0051.jpg 1 28 6 51 51
0579_0054_0022_0030_0030.jpg 1 54 22 30 30
0580_0026_0034_0038_0038.jpg 1 26 34 38 38
0581_0010_0025_0048_0048.jpg 1 10 25 48 48
0582_0053_0027_0026_0026.jpg 1 53 27 26 26
0583_0026_0022_0067_0067.jpg 1 26 22 67 67
0584_0005_0030_0047_0047.jpg 1 5 30 47 47
0585_0012_0020_0067_0067.jpg 1 12 20 67 67
0586_0023_0029_0064_0064.jpg 1 23 29 64 64
0587_0035_0024_0057_0057.jpg 1 35 24 57 57
0588_0016_0015_0066_0066.jpg 1 16 15 66 66
0589_0045_0032_0041_0041.jpg 1 45 32 41 41
0590_0032_0031_0047_0047.jpg 1 32 31 47 47
0591_0060_0019_0030_0030.jpg 1 60 19 30 30
0592_0038_0012_0029_0029.jpg 1 38 12 29 29
0593_0040_0032_0052_0052.jpg 1 40 32 52 52
0594_0049_0023_0043_0043.jpg 1 49 23 43 43
0595_0030_0049_0026_0026.jpg 1 30 49 26 26
0596_0036_0065_0024_0024.jpg 1 36 65 24 24
0597_0034_0048_0045_0045.jpg 1 34 48 45 45
0598_0049_0042_0026_0026.jpg 1 49 42 26 26
0599_0009_0005_0067_0067.jpg 1 9 5 67 67
0600_0022_0009_0042_0042.jpg 1 22 9 42 42
0601_0022_0025_0055_0055.jpg 1 22 25 55 55
0602_0026_0017_0049_0049.jpg 1 26 17 49 49
0603_0032_0020_0057_0057.jpg 1 32 20 57 57
0604_0007_0013_0060_0060.jpg 1 7 13 60 60
0605_0019_0036_0059_0059.jpg 1 19 36 59 59
0606_0024_0054_0030_0030.jpg 1 24 54 30 30
0607_0052_0044_0036_0036.jpg 1 52 44 36 36
0608_0022_0041_0035_0035.jpg 1 22 41 35 35
0609_0039_0050_0034_0034.jpg 1 39 50 34 34
0610_0009_0033_0053_0053.jpg 1 9 33 53 53
0611_0049_0047_0038_0038.jpg 1 49 47 38 38
0612_0021_0028_0047_0047.jpg 1 21 28 47 47
0613_0028_0035_0026_0026.jpg 1 28 35 26 26
0614_0024_0006_0056_0056.jpg 1 24 6 56 56
0615_0052_0026_0041_0041.jpg 1 52 26 41 41
0616_0016_0009_0050_0050.jpg 1 16 9 50 50
0617_0024_0030_0036_0036.jpg 1 24 30 36 36
0618_0017_0028_0066_0066.jpg 1 17 28 66 66
0619_0029_0015_0051_0051.jpg 1 29 15 51 51
0620_0008_0025_0046_0046.jpg 1 8 25 46 46
0621_0046_0050_0044_0044.jpg 1 46 50 44 44
0622_0045_0027_0038_0038.jpg 1 45 27 38 38
0623_0024_0044_0040_0040.jpg 1 24 44 40 40
0624_0036_0005_0047_0047.jpg 1 36 5 47 47
0625_0029_0009_0063_0063.jpg 1 29 9 63 63
0626_0059_0017_0028_0028.jpg 1 59 17 28 28
0627_0010_0023_0067_0067.jpg 1 10 23 67 67
0628_0016_0021_0048_0048.jpg 1 16 21 48 48
0629_0017_0066_0026_0026.jpg 1 17 66 26 26
0630_0043_0007_0033_0033.jpg 1 43 7 33 33
0631_0029_0010_0026_0026.jpg 1 29 10 26 26
0632_0062_0028_0027_0027.jpg 1 62 28 27 27
0633_0013_0037_0054_0054.jpg 1 13 37 54 54
0634_0022_0037_0027_0027.jpg 1 22 37 27 27
0635_0016_0023_0064_0064.jpg 1 16 23 64 64
0636_0008_0010_0061_0061.jpg 1 8 10 61 61
0637_0049_0019_0038_0038.jpg 1 49 19 38 38
0638_0016_0012_0068_0068.jpg 1 16 12 68 68
0639_0014_0023_0063_0063.jpg 1 14 23 63 63
0640_0013_0006_0064_0064.jpg 1 13 6 64 64
0641_0035_0012_0039_0039.jpg 1 35 12 39 39
0642_0007_0047_0039_0039.jpg 1 7 47 39 39
0643_0048_0036_0045_0045.jpg 1 48 36 45 45
0644_0034_0030_0045_0045.jpg 1 34 30 45 45
0645_0020_0023_0065_0065.jpg 1 20 23 65 65
0646_0016_0025_0058_0058.jpg 1 16 25 58 58
0647_0005_0016_0063_0063.jpg 1 5 16 63 63
0648_0053_0033_0040_0040.jpg 1 53 33 40 40
0649_0009_0027_0052_0052.jpg 1 9 27 52 52
0650_0022_0020_0059_0059.jpg 1 22 20 59 59
0651_0041_0026_0041_0041.jpg 1 41 26 41 41
0652_0019_0008_0066_0066.jpg 1 19 8 66 66
0653_0013_0007_0044_0044.jpg 1 13 7 44 44
0654_0011_0006_0064_0064.jpg 1 11 6 64 64
0655_0019_0020_0058_0058.jpg 1 19 20 58 58
0656_0045_0024_0047_0047.jpg 1 45 24 47 47
0657_0026_0024_0036_0036.jpg 1 26 24 36 36
0658_0010_0007_0026_0026.jpg 1 10 7 26 26
0659_0013_0038_0043_0043.jpg 1 13 38 43 43
0660_0010_0006_0051_0051.jpg 1 10 6 51 51
0661_0018_0031_0050_0050.jpg 1 18 31 50 50
0662_0026_0024_0059_0059.jpg 1 26 24 59 59
0663_0051_0058_0024_0024.jpg 1 51 58 24 24
0664_0058_0028_0034_0034.jpg 1 58 28 34 34
0665_0020_0014_0047_0047.jpg 1 20 14 47 47
0666_0041_0021_0053_0053.jpg 1 41 21 53 53
0667_0029_0015_0041_0041.jpg 1 29 15 41 41
0668_0032_0021_0049_0049.jpg 1 32 21 49 49
0669_0042_0033_0026_0026.jpg 1 42 33 26 26
0670_0041_0058_0027_0027.jpg 1 41 58 27 27
0671_0026_0016_0061_0061.jpg 1 26 16 61 61
0672_0050_0036_0037_0037.jpg 1 50 36 37 37
0673_0007_0010_0050_0050.jpg 1 7 10 50 50
0674_0004_0023_0065_0065.jpg 1 4 23 65 65
0675_0007_0047_0026_0026.jpg 1 7 47 26 26
0676_0031_0010_0043_0043.jpg 1 31 10 43 43
0677_0024_0054_0036_0036.jpg 1 24 54 36 36
0678_0025_0063_0026_0026.jpg 1 25 63 26 26
0679_0022_0011_0030_0030.jpg 1 22 11 30 30
0680_0012_0012_0052_0052.jpg 1 12 12 52 52
0681_0059_0026_0030_0030.jpg 1 59 26 30 30
0682_0045_0013_0033_0033.jpg 1 45 13 33 33
0683_0015_0023_0061_0061.jpg 1 15 23 61 61
0684_0021_0010_0057_0057.jpg 1 21 10 57 57
0685_0029_0034_0060_0060.jpg 1 29 34 60 60
0686_0018_0022_0034_0034.jpg 1 18 22 34 34
0687_0016_0041_0049_0049.jpg 1 16 41 49 49
0688_0017_0024_0054_0054.jpg 1 17 24 54 54
0689_0032_0029_0051_0051.jpg 1 32 29 51 51
0690_0009_0012_0068_0068.jpg 1 9 12 68 68
0691_0019_0045_0033_0033.jpg 1 19 45 33 33
0692_0021_0023_0026_0026.jpg 1 21 23 26 26
0693_0019_0035_0059_0059.jpg 1 19 35 59 59
0694_0019_0030_0056_0056.jpg 1 19 30 56 56
0695_0006_0007_0058_0058.jpg 1 6 7 58 58
0696_0005_0032_0060_0060.jpg 1 5 32 60 60
0697_0005_0041_0052_0052.jpg 1 5 41 52 52
0698_0037_0042_0050_0050.jpg 1 37 42 50 50
0699_0008_0039_0035_0035.jpg 1 8 39 35 35
0700_0035_0012_0043_0043.jpg 1 35 12 43 43
0701_0050_0026_0042_0042.jpg 1 50 26 42 42
0702_0051_0024_0029_0029.jpg 1 51 24 29 29
0703_0047_0012_0044_0044.jpg 1 47 12 44 44
0704_0008_0007_0064_0064.jpg 1 8 7 64 64
0705_0007_0011_0065_0065.jpg 1 7 11 65 65
0706_0040_0010_0045_0045.jpg 1 40 10 45 45
0707_0023_0009_0058_0058.jpg 1 23 9 58 58
0708_0010_0004_0067_0067.jpg 1 10 4 67 67
0709_0036_0021_0059_0059.jpg 1 36 21 59 59
0710_0018_0031_0040_0040.jpg 1 18 31 40 40
0711_0027_0042_0035_0035.jpg 1 27 42 35 35
0712_0018_0004_0060_0060.jpg 1 18 4 60 60
0713_0018_0025_0067_0067.jpg 1 18 25 67 67
0714_0028_0052_0030_0030.jpg 1 28 52 30 30
0715_0025_0049_0035_0035.jpg 1 25 49 35 35
0716_0033_0019_0041_0041.jpg 1 33 19 41 41
0717_0015_0052_0041_0041.jpg 1 15 52 41 41
0718_0053_0028_0032_0032.jpg 1 53 28 32 32
0719_0016_0021_0047_0047.jpg 1 16 21 47 47
0720_0032_0030_0052_0052.jpg 1 32 30 52 52
0721_0040_0051_0032_0032.jpg 1 40 51 32 32
0722_0050_0046_0033_0033.jpg 1 50 46 33 33
0723_0055_0020_0036_0036.jpg 1 55 20 36 36
0724_0036_0042_0033_0033.jpg 1 36 42 33 33
0725_0009_0041_0045_0045.jpg 1 9 41 45 45
0726_0031_0019_0063_0063.jpg 1 31 19 63 63
0727_0031_0010_0063_0063.jpg 1 31 10 63 63
0728_0024_0038_0054_0054.jpg 1 24 38 54 54
0729_0028_0029_0058_0058.jpg 1 28 29 58 58
0730_0011_0034_0042_0042.jpg 1 11 34 42 42
0731_0021_0022_0067_0067.jpg 1 21 22 67 67
0732_0007_0037_0050_0050.jpg 1 7 37 50 50
0733_0025_0022_0058_0058.jpg 1 25 22 58 58
0734_0028_0028_0057_0057.jpg 1 28 28 57 57
0735_0052_0029_0032_0032.jpg 1 52 29 32 32
0736_0016_0009_0043_0043.jpg 1 16 9 43 43
0737_0023_0012_0059_0059.jpg 1 23 12 59 59
0738_0029_0008_0042_0042.jpg 1 29 8 42 42
0739_0013_0028_0058_0058.jpg 1 13 28 58 58
0740_0029_0015_0063_0063.jpg 1 29 15 63 63
0741_0040_0012_0048_0048.jpg 1 40 12 48 48
0742_0035_0018_0051_0051.jpg 1 35 18 51 51
0743_0046_0014_0047_0047.jpg 1 46 14 47 47
0744_0022_0019_0069_0069.jpg 1 22 19 69 69
0745_0019_0007_0067_0067.jpg 1 19 7 67 67
0746_0049_0029_0035_0035.jpg 1 49 29 35 35
0747_0049_0042_0024_0024.jpg 1 49 42 24 24
0748_0036_0047_0027_0027.jpg 1 36 47 27 27
0749_0058_0036_0034_0034.jpg 1 58 36 34 34
0750_0027_0040_0026_0026.jpg 1 27 40 26 26
0751_0010_0027_0031_0031.jpg 1 10 27 31 31
0752_0010_0017_0065_0065.jpg 1 10 17 65 65
0753_0007_0030_0056_0056.jpg 1 7 30 56 56
0754_0010_0036_0039_0039.jpg 1 10 36 39 39
0755_0030_0023_0051_0051.jpg 1 30 23 51 51
0756_0025_0018_0064_0064.jpg 1 25 18 64 64
0757_0033_0033_0038_0038.jpg 1 33 33 38 38
0758_0028_0013_0047_0047.jpg 1 28 13 47 47
0759_0024_0024_0066_0066.jpg 1 24 24 66 66
0760_0020_0016_0061_0061.jpg 1 20 16 61 61
0761_0040_0047_0034_0034.jpg 1 40 47 34 34
0762_0035_0044_0049_0049.jpg 1 35 44 49 49
0763_0012_0005_0069_0069.jpg 1 12 5 69 69
0764_0011_0013_0029_0029.jpg 1 11 13 29 29
0765_0042_0018_0044_0044.jpg 1 42 18 44 44
0766_0043_0056_0036_0036.jpg 1 43 56 36 36
0767_0026_0035_0043_0043.jpg 1 26 35 43 43
0768_0020_0023_0028_0028.jpg 1 20 23 28 28
0769_0012_0008_0069_0069.jpg 1 12 8 69 69
0770_0010_0049_0043_0043.jpg 1 10 49 43 43
0771_0007_0015_0053_0053.jpg 1 7 15 53 53
0772_0045_0012_0048_0048.jpg 1 45 12 48 48
0773_0027_0004_0061_0061.jpg 1 27 4 61 61
0774_0038_0031_0039_0039.jpg 1 38 31 39 39
0775_0010_0027_0069_0069.jpg 1 10 27 69 69
0776_0010_0053_0039_0039.jpg 1 10 53 39 39
0777_0031_0037_0052_0052.jpg 1 31 37 52 52
0778_0018_0024_0041_0041.jpg 1 18 24 41 41
0779_0052_0051_0028_0028.jpg 1 52 51 28 28
0780_0005_0009_0057_0057.jpg 1 5 9 57 57
0781_0043_0010_0031_0031.jpg 1 43 10 31 31
0782_0040_0017_0053_0053.jpg 1 40 17 53 53
0783_0032_0009_0055_0055.jpg 1 32 9 55 55
0784_0055_0035_0037_0037.jpg 1 55 35 37 37
0785_0011_0006_0058_0058.jpg 1 11 6 58 58
0786_0022_0032_0039_0039.jpg 1 22 32 39 39
0787_0014_0009_0068_0068.jpg 1 14 9 68 68
0788_0024_0020_0067_0067.jpg 1 24 20 67 67
0789_0033_0015_0048_0048.jpg 1 33 15 48 48
0790_0035_0031_0056_0056.jpg 1 35 31 56 56
0791_0031_0036_0047_0047.jpg 1 31 36 47 47
0792_0049_0046_0035_0035.jpg 1 49 46 35 35
0793_0024_0021_0068_0068.jpg 1 24 21 68 68
0794_0023_0042_0046_0046.jpg 1 23 42 46 46
0795_0014_0034_0060_0060.jpg 1 14 34 60 60
0796_0032_0038_0043_0043.jpg 1 32 38 43 43
0797_0029_0050_0036_0036.jpg 1 29 50 36 36
0798_0009_0019_0058_0058.jpg 1 9 19 58 58
0799_0015_0012_0062_0062.jpg 1 15 12 62 62
0800_0048_0015_0031_0031.jpg 1 48 15 31 31
0801_0026_0008_0047_0047.jpg 1 26 8 47 47
0802_0012_0034_0061_0061.jpg 1 12 34 61 61
0803_0026_0018_0056_0056.jpg 1 26 18 56 56
0804_0019_0026_0034_0034.jpg 1 19 26 34 34
0805_0029_0009_0062_0062.jpg 1 29 9 62 62
0806_0011_0034_0043_0043.jpg 1 11 34 43 43
0807_0032_0019_0064_0064.jpg 1 32 19 64 64
0808_0010_0038_0041_0041.jpg 1 10 38 41 41
0809_0024_0026_0059_0059.jpg 1 24 26 59 59
0810_0027_0020_0039_0039.jpg 1 27 20 39 39
0811_0037_0030_0057_0057.jpg 1 37 30 57 57
0812_0032_0036_0041_0041.jpg 1 32 36 41 41
0813_0027_0005_0058_0058.jpg 1 27 5 58 58
0814_0031_0025_0061_0061.jpg 1 31 25 61 61
0815_0028_0014_0067_0067.jpg 1 28 14 67 67
0816_0023_0019_0066_0066.jpg 1 23 19 66 66
0817_0046_0037_0047_0047.jpg 1 46 37 47 47
0818_0045_0040_0047_0047.jpg 1 45 40 47 47
0819_0018_0025_0051_0051.jpg 1 18 25 51 51
0820_0029_0035_0053_0053.jpg 1 29 35 53 53
0821_0019_0022_0038_0038.jpg 1 19 22 38 38
0822_0004_0010_0066_0066.jpg 1 4 10 66 66
0823_0018_0034_0034_0034.jpg 1 18 34 34 34
0824_0049_0041_0041_0041.jpg 1 49 41 41 41
0825_0003_0006_0064_0064.jpg 1 3 6 64 64
0826_0020_0010_0068_0068.jpg 1 20 10 68 68
0827_0007_0009_0028_0028.jpg 1 7 9 28 28
0828_0016_0015_0049_0049.jpg 1 16 15 49 49
0829_0005_0030_0065_0065.jpg 1 5 30 65 65
0830_0043_0017_0041_0041.jpg 1 43 17 41 41
0831_0009_0024_0030_0030.jpg 1 9 24 30 30
0832_0021_0041_0042_0042.jpg 1 21 41 42 42
0833_0024_0010_0049_0049.jpg 1 24 10 49 49
0834_0025_0009_0068_0068.jpg 1 25 9 68 68
0835_0026_0023_0066_0066.jpg 1 26 23 66 66
0836_0046_0019_0026_0026.jpg 1 46 19 26 26
0837_0029_0015_0054_0054.jpg 1 29 15 54 54
0838_0025_0033_0033_0033.jpg 1 25 33 33 33
0839_0009_0040_0036_0036.jpg 1 9 40 36 36
0840_0037_0047_0038_0038.jpg 1 37 47 38 38
0841_0009_0036_0041_0041.jpg 1 9 36 41 41
0842_0030_0038_0027_0027.jpg 1 30 38 27 27
0843_0044_0050_0042_0042.jpg 1 44 50 42 42
0844_0031_0015_0053_0053.jpg 1 31 15 53 53
0845_0010_0025_0043_0043.jpg 1 10 25 43 43
0846_0019_0027_0061_0061.jpg 1 19 27 61 61
0847_0030_0009_0037_0037.jpg 1 30 9 37 37
0848_0028_0009_0049_0049.jpg 1 28 9 49 49
0849_0007_0042_0048_0048.jpg 1 7 42 48 48
0850_0030_0011_0062_0062.jpg 1 30 11 62 62
0851_0031_0017_0058_0058.jpg 1 31 17 58 58
0852_0012_0023_0053_0053.jpg 1 12 23 53 53
0853_0039_0053_0037_0037.jpg 1 39 53 37 37
0854_0045_0036_0037_0037.jpg 1 45 36 37 37
0855_0041_0035_0025_0025.jpg 1 41 35 25 25
0856_0020_0042_0051_0051.jpg 1 20 42 51 51
0857_0008_0055_0029_0029.jpg 1 8 55 29 29
0858_0027_0023_0025_0025.jpg 1 27 23 25 25
0859_0024_0014_0066_0066.jpg 1 24 14 66 66
0860_0038_0018_0032_0032.jpg 1 38 18 32 32
0861_0057_0028_0029_0029.jpg 1 57 28 29 29
0862_0025_0023_0061_0061.jpg 1 25 23 61 61
0863_0013_0007_0069_0069.jpg 1 13 7 69 69
0864_0045_0012_0044_0044.jpg 1 45 12 44 44
0865_0046_0013_0044_0044.jpg 1 46 13 44 44
0866_0045_0009_0049_0049.jpg 1 45 9 49 49
0867_0043_0045_0048_0048.jpg 1 43 45 48 48
0868_0044_0040_0031_0031.jpg 1 44 40 31 31
0869_0005_0019_0059_0059.jpg 1 5 19 59 59
0870_0019_0035_0046_0046.jpg 1 19 35 46 46
0871_0040_0016_0030_0030.jpg 1 40 16 30 30
0872_0029_0029_0066_0066.jpg 1 29 29 66 66
0873_0005_0041_0045_0045.jpg 1 5 41 45 45
0874_0024_0037_0031_0031.jpg 1 24 37 31 31
0875_0020_0053_0037_0037.jpg 1 20 53 37 37
0876_0026_0003_0069_0069.jpg 1 26 3 69 69
0877_0029_0009_0037_0037.jpg 1 29 9 37 37
0878_0048_0023_0029_0029.jpg 1 48 23 29 29
0879_0037_0013_0041_0041.jpg 1 37 13 41 41
0880_0018_0010_0057_0057.jpg 1 18 10 57 57
0881_0030_0032_0054_0054.jpg 1 30 32 54 54
0882_0042_0017_0040_0040.jpg 1 42 17 40 40
0883_0029_0025_0066_0066.jpg 1 29 25 66 66
0884_0026_0050_0044_0044.jpg 1 26 50 44 44
0885_0045_0026_0044_0044.jpg 1 45 26 44 44
0886_0008_0015_0042_0042.jpg 1 8 15 42 42
0887_0021_0014_0060_0060.jpg 1 21 14 60 60
0888_0022_0013_0035_0035.jpg 1 22 13 35 35
0889_0030_0034_0061_0061.jpg 1 30 34 61 61
0890_0007_0023_0058_0058.jpg 1 7 23 58 58
0891_0013_0027_0063_0063.jpg 1 13 27 63 63
0892_0017_0031_0049_0049.jpg 1 17 31 49 49
0893_0034_0017_0044_0044.jpg 1 34 17 44 44
0894_0030_0015_0057_0057.jpg 1 30 15 57 57
0895_0006_0010_0035_0035.jpg 1 6 10 35 35
0896_0022_0039_0055_0055.jpg 1 22 39 55 55
0897_0027_0011_0041_0041.jpg 1 27 11 41 41
0898_0035_0037_0043_0043.jpg 1 35 37 43 43
0899_0017_0026_0067_0067.jpg 1 17 26 67 67
0900_0040_0013_0044_0044.jpg 1 40 13 44 44
0901_0030_0024_0034_0034.jpg 1 30 24 34 34
0902_0022_0009_0037_0037.jpg 1 22 9 37 37
0903_0036_0024_0055_0055.jpg 1 36 24 55 55
0904_0005_0030_0066_0066.jpg 1 5 30 66 66
0905_0029_0017_0034_0034.jpg 1 29 17 34 34
0906_0021_0034_0039_0039.jpg 1 21 34 39 39
0907_0023_0028_0067_0067.jpg 1 23 28 67 67
0908_0036_0038_0046_0046.jpg 1 36 38 46 46
0909_0009_0061_0024_0024.jpg 1 9 61 24 24
0910_0024_0015_0058_0058.jpg 1 24 15 58 58
0911_0031_0010_0054_0054.jpg 1 31 10 54 54
0912_0016_0011_0040_0040.jpg 1 16 11 40 40
0913_0036_0035_0055_0055.jpg 1 36 35 55 55
0914_0015_0038_0044_0044.jpg 1 15 38 44 44
0915_0044_0036_0044_0044.jpg 1 44 36 44 44
0916_0041_0034_0031_0031.jpg 1 41 34 31 31
0917_0005_0024_0053_0053.jpg 1 5 24 53 53
0918_0034_0018_0025_0025.jpg 1 34 18 25 25
0919_0004_0015_0065_0065.jpg 1 4 15 65 65
0920_0062_0016_0025_0025.jpg 1 62 16 25 25
0921_0044_0028_0024_0024.jpg 1 44 28 24 24
0922_0022_0042_0049_0049.jpg 1 22 42 49 49
0923_0017_0029_0059_0059.jpg 1 17 29 59 59
0924_0053_0051_0026_0026.jpg 1 53 51 26 26
0925_0056_0031_0036_0036.jpg 1 56 31 36 36
0926_0032_0036_0029_0029.jpg 1 32 36 29 29
0927_0044_0037_0048_0048.jpg 1 44 37 48 48
0928_0023_0023_0032_0032.jpg 1 23 23 32 32
0929_0039_0026_0048_0048.jpg 1 39 26 48 48
0930_0041_0042_0034_0034.jpg 1 41 42 34 34
0931_0005_0013_0053_0053.jpg 1 5 13 53 53
0932_0024_0006_0061_0061.jpg 1 24 6 61 61
0933_0036_0042_0034_0034.jpg 1 36 42 34 34
0934_0009_0054_0025_0025.jpg 1 9 54 25 25
0935_0020_0015_0065_0065.jpg 1 20 15 65 65
0936_0059_0017_0025_0025.jpg 1 59 17 25 25
0937_0028_0015_0053_0053.jpg 1 28 15 53 53
0938_0010_0032_0031_0031.jpg 1 10 32 31 31
0939_0057_0046_0027_0027.jpg 1 57 46 27 27
0940_0016_0006_0067_0067.jpg 1 16 6 67 67
