0001_0018_0054_0035_0035.jpg 1 18 54 35 35
0002_0015_0029_0062_0062.jpg 1 15 29 62 62
0003_0010_0012_0067_0067.jpg 1 10 12 67 67
0004_0018_0008_0046_0046.jpg 1 18 8 46 46
0005_0014_0007_0054_0054.jpg 1 14 7 54 54
0006_0031_0048_0030_0030.jpg 1 31 48 30 30
0007_0022_0014_0052_0052.jpg 1 22 14 52 52
0008_0027_0030_0057_0057.jpg 1 27 30 57 57
0009_0030_0045_0042_0042.jpg 1 30 45 42 42
0010_0006_0033_0054_0054.jpg 1 6 33 54 54
0011_0035_0023_0057_0057.jpg 1 35 23 57 57
0012_0012_0027_0056_0056.jpg 1 12 27 56 56
0013_0012_0030_0065_0065.jpg 1 12 30 65 65
0014_0014_0043_0050_0050.jpg 1 14 43 50 50
0015_0033_0050_0040_0040.jpg 1 33 50 40 40
0016_0012_0019_0029_0029.jpg 1 12 19 29 29
0017_0040_0049_0035_0035.jpg 1 40 49 35 35
0018_0035_0026_0031_0031.jpg 1 35 26 31 31
0019_0023_0019_0063_0063.jpg 1 23 19 63 63
0020_0028_0008_0043_0043.jpg 1 28 8 43 43
0021_0035_0038_0052_0052.jpg 1 35 38 52 52
0022_0025_0028_0057_0057.jpg 1 25 28 57 57
0023_0024_0029_0041_0041.jpg 1 24 29 41 41
0024_0021_0017_0063_0063.jpg 1 21 17 63 63
0025_0057_0062_0030_0030.jpg 1 57 62 30 30
0026_0048_0044_0042_0042.jpg 1 48 44 42 42
0027_0012_0015_0054_0054.jpg 1 12 15 54 54
0028_0008_0026_0068_0068.jpg 1 8 26 68 68
0029_0020_0030_0040_0040.jpg 1 20 30 40 40
0030_0027_0052_0039_0039.jpg 1 27 52 39 39
0031_0006_0015_0047_0047.jpg 1 6 15 47 47
0032_0004_0012_0053_0053.jpg 1 4 12 53 53
0033_0006_0024_0040_0040.jpg 1 6 24 40 40
0034_0051_0050_0039_0039.jpg 1 51 50 39 39
0035_0034_0016_0028_0028.jpg 1 34 16 28 28
0036_0019_0029_0054_0054.jpg 1 19 29 54 54
0037_0022_0025_0053_0053.jpg 1 22 25 53 53
0038_0018_0007_0056_0056.jpg 1 18 7 56 56
0039_0021_0009_0059_0059.jpg 1 21 9 59 59
0040_0058_0029_0025_0025.jpg 1 58 29 25 25
0041_0063_0040_0026_0026.jpg 1 63 40 26 26
0042_0003_0008_0067_0067.jpg 1 3 8 67 67
0043_0047_0011_0029_0029.jpg 1 47 11 29 29
0044_0011_0044_0048_0048.jpg 1 11 44 48 48
0045_0023_0035_0059_0059.jpg 1 23 35 59 59
0046_0024_0013_0037_0037.jpg 1 24 13 37 37
0047_0036_0062_0024_0024.jpg 1 36 62 24 24
0048_0050_0023_0033_0033.jpg 1 50 23 33 33
0049_0036_0027_0035_0035.jpg 1 36 27 35 35
0050_0012_0017_0062_0062.jpg 1 12 17 62 62
0051_0012_0013_0061_0061.jpg 1 12 13 61 61
0052_0052_0031_0025_0025.jpg 1 52 31 25 25
0053_0023_0011_0067_0067.jpg 1 23 11 67 67
0054_0025_0044_0028_0028.jpg 1 25 44 28 28
0055_0010_0026_0068_0068.jpg 1 10 26 68 68
0056_0031_0015_0055_0055.jpg 1 31 15 55 55
0057_0010_0010_0055_0055.jpg 1 10 10 55 55
0058_0031_0022_0058_0058.jpg 1 31 22 58 58
0059_0030_0013_0024_0024.jpg 1 30 13 24 24
0060_0020_0014_0028_0028.jpg 1 20 14 28 28
0061_0005_0006_0066_0066.jpg 1 5 6 66 66
0062_0027_0058_0025_0025.jpg 1 27 58 25 25
0063_0041_0020_0047_0047.jpg 1 41 20 47 47
0064_0043_0016_0028_0028.jpg 1 43 16 28 28
0065_0038_0038_0049_0049.jpg 1 38 38 49 49
0066_0053_0016_0033_0033.jpg 1 53 16 33 33
0067_0012_0011_0051_0051.jpg 1 12 11 51 51
0068_0019_0011_0046_0046.jpg 1 19 11 46 46
0069_0031_0024_0060_0060.jpg 1 31 24 60 60
0070_0047_0021_0042_0042.jpg 1 47 21 42 42
0071_0015_0036_0050_0050.jpg 1 15 36 50 50
0072_0023_0048_0045_0045.jpg 1 23 48 45 45
0073_0023_0026_0054_0054.jpg 1 23 26 54 54
0074_0031_0033_0056_0056.jpg 1 31 33 56 56
0075_0010_0013_0065_0065.jpg 1 10 13 65 65
0076_0028_0015_0053_0053.jpg 1 28 15 53 53
0077_0036_0048_0031_0031.jpg 1 36 48 31 31
0078_0030_0008_0025_0025.jpg 1 30 8 25 25
0079_0022_0025_0069_0069.jpg 1 22 25 69 69
0080_0039_0051_0033_0033.jpg 1 39 51 33 33
0081_0037_0032_0025_0025.jpg 1 37 32 25 25
0082_0031_0032_0042_0042.jpg 1 31 32 42 42
0083_0033_0026_0057_0057.jpg 1 33 26 57 57
0084_0015_0016_0069_0069.jpg 1 15 16 69 69
0085_0018_0054_0029_0029.jpg 1 18 54 29 29
0086_0026_0044_0034_0034.jpg 1 26 44 34 34
0087_0026_0050_0042_0042.jpg 1 26 50 42 42
0088_0009_0007_0060_0060.jpg 1 9 7 60 60
0089_0030_0008_0036_0036.jpg 1 30 8 36 36
0090_0049_0024_0043_0043.jpg 1 49 24 43 43
0091_0030_0025_0033_0033.jpg 1 30 25 33 33
0092_0008_0046_0038_0038.jpg 1 8 46 38 38
0093_0046_0050_0031_0031.jpg 1 46 50 31 31
0094_0028_0022_0061_0061.jpg 1 28 22 61 61
0095_0010_0027_0033_0033.jpg 1 10 27 33 33
0096_0023_0043_0046_0046.jpg 1 23 43 46 46
0097_0026_0020_0059_0059.jpg 1 26 20 59 59
0098_0007_0041_0034_0034.jpg 1 7 41 34 34
0099_0023_0020_0065_0065.jpg 1 23 20 65 65
0100_0006_0020_0058_0058.jpg 1 6 20 58 58
0101_0038_0017_0053_0053.jpg 1 38 17 53 53
0102_0055_0054_0036_0036.jpg 1 55 54 36 36
0103_0043_0009_0048_0048.jpg 1 43 9 48 48
0104_0058_0048_0034_0034.jpg 1 58 48 34 34
0105_0045_0055_0036_0036.jpg 1 45 55 36 36
0106_0045_0014_0048_0048.jpg 1 45 14 48 48
0107_0030_0018_0050_0050.jpg 1 30 18 50 50
0108_0031_0019_0028_0028.jpg 1 31 19 28 28
0109_0029_0035_0040_0040.jpg 1 29 35 40 40
0110_0007_0027_0056_0056.jpg 1 7 27 56 56
0111_0059_0059_0031_0031.jpg 1 59 59 31 31
0112_0023_0024_0060_0060.jpg 1 23 24 60 60
0113_0032_0036_0058_0058.jpg 1 32 36 58 58
0114_0035_0017_0031_0031.jpg 1 35 17 31 31
0115_0032_0039_0028_0028.jpg 1 32 39 28 28
0116_0034_0054_0029_0029.jpg 1 34 54 29 29
0117_0008_0009_0057_0057.jpg 1 8 9 57 57
0118_0023_0043_0044_0044.jpg 1 23 43 44 44
0119_0007_0015_0050_0050.jpg 1 7 15 50 50
0120_0047_0052_0027_0027.jpg 1 47 52 27 27
0121_0034_0022_0029_0029.jpg 1 34 22 29 29
0122_0033_0033_0061_0061.jpg 1 33 33 61 61
0123_0064_0013_0024_0024.jpg 1 64 13 24 24
0124_0022_0030_0062_0062.jpg 1 22 30 62 62
0125_0015_0021_0034_0034.jpg 1 15 21 34 34
0126_0014_0014_0039_0039.jpg 1 14 14 39 39
0127_0012_0035_0051_0051.jpg 1 12 35 51 51
0128_0051_0059_0032_0032.jpg 1 51 59 32 32
0129_0032_0045_0027_0027.jpg 1 32 45 27 27
0130_0010_0004_0055_0055.jpg 1 10 4 55 55
0131_0031_0010_0043_0043.jpg 1 31 10 43 43
0132_0010_0010_0067_0067.jpg 1 10 10 67 67
0133_0027_0041_0035_0035.jpg 1 27 41 35 35
0134_0031_0014_0056_0056.jpg 1 31 14 56 56
0135_0027_0033_0043_0043.jpg 1 27 33 43 43
0136_0022_0036_0025_0025.jpg 1 22 36 25 25
0137_0029_0037_0044_0044.jpg 1 29 37 44 44
0138_0009_0040_0027_0027.jpg 1 9 40 27 27
0139_0017_0044_0032_0032.jpg 1 17 44 32 32
0140_0008_0017_0067_0067.jpg 1 8 17 67 67
0141_0016_0014_0034_0034.jpg 1 16 14 34 34
0142_0012_0022_0055_0055.jpg 1 12 22 55 55
0143_0034_0051_0040_0040.jpg 1 34 51 40 40
0144_0010_0017_0038_0038.jpg 1 10 17 38 38
0145_0052_0019_0036_0036.jpg 1 52 19 36 36
0146_0022_0010_0033_0033.jpg 1 22 10 33 33
0147_0057_0060_0031_0031.jpg 1 57 60 31 31
0148_0018_0013_0062_0062.jpg 1 18 13 62 62
0149_0024_0023_0048_0048.jpg 1 24 23 48 48
0150_0032_0029_0062_0062.jpg 1 32 29 62 62
0151_0052_0023_0035_0035.jpg 1 52 23 35 35
0152_0036_0005_0052_0052.jpg 1 36 5 52 52
0153_0032_0035_0059_0059.jpg 1 32 35 59 59
0154_0019_0061_0032_0032.jpg 1 19 61 32 32
0155_0011_0020_0043_0043.jpg 1 11 20 43 43
0156_0010_0016_0052_0052.jpg 1 10 16 52 52
0157_0018_0037_0057_0057.jpg 1 18 37 57 57
0158_0019_0007_0045_0045.jpg 1 19 7 45 45
0159_0011_0028_0055_0055.jpg 1 11 28 55 55
0160_0036_0046_0047_0047.jpg 1 36 46 47 47
0161_0009_0017_0060_0060.jpg 1 9 17 60 60
0162_0008_0007_0033_0033.jpg 1 8 7 33 33
0163_0016_0021_0066_0066.jpg 1 16 21 66 66
0164_0033_0034_0050_0050.jpg 1 33 34 50 50
0165_0009_0047_0041_0041.jpg 1 9 47 41 41
0166_0053_0032_0033_0033.jpg 1 53 32 33 33
0167_0049_0035_0042_0042.jpg 1 49 35 42 42
0168_0024_0007_0062_0062.jpg 1 24 7 62 62
0169_0057_0043_0034_0034.jpg 1 57 43 34 34
0170_0022_0004_0060_0060.jpg 1 22 4 60 60
0171_0043_0015_0043_0043.jpg 1 43 15 43 43
0172_0005_0017_0061_0061.jpg 1 5 17 61 61
0173_0028_0034_0051_0051.jpg 1 28 34 51 51
0174_0016_0020_0060_0060.jpg 1 16 20 60 60
0175_0032_0035_0040_0040.jpg 1 32 35 40 40
0176_0036_0030_0055_0055.jpg 1 36 30 55 55
0177_0020_0007_0064_0064.jpg 1 20 7 64 64
0178_0029_0024_0063_0063.jpg 1 29 24 63 63
0179_0020_0023_0036_0036.jpg 1 20 23 36 36
0180_0006_0011_0059_0059.jpg 1 6 11 59 59
0181_0021_0024_0044_0044.jpg 1 21 24 44 44
0182_0015_0007_0048_0048.jpg 1 15 7 48 48
0183_0008_0019_0065_0065.jpg 1 8 19 65 65
0184_0054_0045_0038_0038.jpg 1 54 45 38 38
0185_0018_0027_0052_0052.jpg 1 18 27 52 52
0186_0048_0018_0025_0025.jpg 1 48 18 25 25
0187_0020_0036_0055_0055.jpg 1 20 36 55 55
0188_0009_0048_0039_0039.jpg 1 9 48 39 39
0189_0005_0020_0060_0060.jpg 1 5 20 60 60
0190_0018_0022_0056_0056.jpg 1 18 22 56 56
0191_0020_0021_0066_0066.jpg 1 20 21 66 66
0192_0030_0026_0057_0057.jpg 1 30 26 57 57
0193_0017_0024_0066_0066.jpg 1 17 24 66 66
0194_0052_0034_0027_0027.jpg 1 52 34 27 27
0195_0038_0036_0051_0051.jpg 1 38 36 51 51
0196_0041_0039_0051_0051.jpg 1 41 39 51 51
0197_0013_0030_0039_0039.jpg 1 13 30 39 39
0198_0054_0029_0026_0026.jpg 1 54 29 26 26
0199_0026_0031_0055_0055.jpg 1 26 31 55 55
0200_0031_0012_0044_0044.jpg 1 31 12 44 44
0201_0015_0056_0034_0034.jpg 1 15 56 34 34
0202_0007_0007_0061_0061.jpg 1 7 7 61 61
0203_0008_0018_0043_0043.jpg 1 8 18 43 43
0204_0048_0025_0029_0029.jpg 1 48 25 29 29
0205_0008_0014_0057_0057.jpg 1 8 14 57 57
0206_0016_0019_0035_0035.jpg 1 16 19 35 35
0207_0020_0037_0038_0038.jpg 1 20 37 38 38
0208_0018_0022_0063_0063.jpg 1 18 22 63 63
0209_0009_0022_0048_0048.jpg 1 9 22 48 48
0210_0005_0019_0069_0069.jpg 1 5 19 69 69
0211_0007_0038_0056_0056.jpg 1 7 38 56 56
0212_0026_0031_0064_0064.jpg 1 26 31 64 64
0213_0010_0036_0048_0048.jpg 1 10 36 48 48
0214_0017_0022_0055_0055.jpg 1 17 22 55 55
0215_0015_0011_0064_0064.jpg 1 15 11 64 64
0216_0029_0005_0062_0062.jpg 1 29 5 62 62
0217_0054_0015_0026_0026.jpg 1 54 15 26 26
0218_0011_0035_0053_0053.jpg 1 11 35 53 53
0219_0018_0006_0061_0061.jpg 1 18 6 61 61
0220_0024_0029_0062_0062.jpg 1 24 29 62 62
0221_0029_0019_0066_0066.jpg 1 29 19 66 66
0222_0006_0012_0050_0050.jpg 1 6 12 50 50
0223_0046_0022_0029_0029.jpg 1 46 22 29 29
0224_0025_0011_0062_0062.jpg 1 25 11 62 62
0225_0013_0052_0025_0025.jpg 1 13 52 25 25
0226_0035_0053_0026_0026.jpg 1 35 53 26 26
0227_0035_0042_0043_0043.jpg 1 35 42 43 43
0228_0014_0047_0041_0041.jpg 1 14 47 41 41
0229_0032_0038_0035_0035.jpg 1 32 38 35 35
0230_0024_0026_0065_0065.jpg 1 24 26 65 65
0231_0049_0049_0043_0043.jpg 1 49 49 43 43
0232_0015_0005_0066_0066.jpg 1 15 5 66 66
0233_0018_0044_0043_0043.jpg 1 18 44 43 43
0234_0014_0036_0057_0057.jpg 1 14 36 57 57
0235_0012_0022_0031_0031.jpg 1 12 22 31 31
0236_0008_0044_0029_0029.jpg 1 8 44 29 29
0237_0052_0018_0038_0038.jpg 1 52 18 38 38
0238_0003_0004_0069_0069.jpg 1 3 4 69 69
0239_0026_0022_0033_0033.jpg 1 26 22 33 33
0240_0042_0027_0050_0050.jpg 1 42 27 50 50
0241_0007_0015_0054_0054.jpg 1 7 15 54 54
0242_0017_0004_0055_0055.jpg 1 17 4 55 55
0243_0018_0032_0030_0030.jpg 1 18 32 30 30
0244_0032_0013_0039_0039.jpg 1 32 13 39 39
0245_0020_0008_0044_0044.jpg 1 20 8 44 44
0246_0016_0038_0039_0039.jpg 1 16 38 39 39
0247_0014_0022_0056_0056.jpg 1 14 22 56 56
0248_0052_0065_0026_0026.jpg 1 52 65 26 26
0249_0011_0008_0061_0061.jpg 1 11 8 61 61
0250_0027_0027_0041_0041.jpg 1 27 27 41 41
0251_0009_0042_0052_0052.jpg 1 9 42 52 52
0252_0050_0022_0042_0042.jpg 1 50 22 42 42
0253_0012_0005_0066_0066.jpg 1 12 5 66 66
0254_0036_0005_0057_0057.jpg 1 36 5 57 57
0255_0060_0015_0027_0027.jpg 1 60 15 27 27
0256_0022_0048_0040_0040.jpg 1 22 48 40 40
0257_0018_0032_0057_0057.jpg 1 18 32 57 57
0258_0034_0052_0024_0024.jpg 1 34 52 24 24
0259_0017_0046_0033_0033.jpg 1 17 46 33 33
0260_0036_0045_0038_0038.jpg 1 36 45 38 38
0261_0052_0027_0042_0042.jpg 1 52 27 42 42
0262_0023_0019_0066_0066.jpg 1 23 19 66 66
0263_0007_0024_0060_0060.jpg 1 7 24 60 60
0264_0012_0019_0066_0066.jpg 1 12 19 66 66
0265_0022_0025_0065_0065.jpg 1 22 25 65 65
0266_0048_0032_0036_0036.jpg 1 48 32 36 36
0267_0017_0058_0028_0028.jpg 1 17 58 28 28
0268_0021_0006_0060_0060.jpg 1 21 6 60 60
0269_0031_0023_0057_0057.jpg 1 31 23 57 57
0270_0020_0029_0056_0056.jpg 1 20 29 56 56
0271_0065_0036_0027_0027.jpg 1 65 36 27 27
0272_0046_0022_0042_0042.jpg 1 46 22 42 42
0273_0008_0012_0049_0049.jpg 1 8 12 49 49
0274_0026_0036_0058_0058.jpg 1 26 36 58 58
0275_0033_0021_0044_0044.jpg 1 33 21 44 44
0276_0007_0014_0065_0065.jpg 1 7 14 65 65
0277_0011_0063_0028_0028.jpg 1 11 63 28 28
0278_0033_0009_0037_0037.jpg 1 33 9 37 37
0279_0025_0022_0069_0069.jpg 1 25 22 69 69
0280_0007_0013_0026_0026.jpg 1 7 13 26 26
0281_0011_0013_0033_0033.jpg 1 11 13 33 33
0282_0023_0016_0068_0068.jpg 1 23 16 68 68
0283_0047_0028_0042_0042.jpg 1 47 28 42 42
0284_0052_0039_0038_0038.jpg 1 52 39 38 38
0285_0013_0045_0049_0049.jpg 1 13 45 49 49
0286_0053_0016_0024_0024.jpg 1 53 16 24 24
0287_0006_0024_0060_0060.jpg 1 6 24 60 60
0288_0031_0019_0055_0055.jpg 1 31 19 55 55
0289_0018_0026_0064_0064.jpg 1 18 26 64 64
0290_0038_0007_0047_0047.jpg 1 38 7 47 47
0291_0035_0006_0044_0044.jpg 1 35 6 44 44
0292_0027_0045_0049_0049.jpg 1 27 45 49 49
0293_0053_0049_0039_0039.jpg 1 53 49 39 39
0294_0025_0034_0046_0046.jpg 1 25 34 46 46
0295_0024_0033_0062_0062.jpg 1 24 33 62 62
0296_0009_0052_0030_0030.jpg 1 9 52 30 30
0297_0019_0015_0027_0027.jpg 1 19 15 27 27
0298_0007_0031_0059_0059.jpg 1 7 31 59 59
0299_0052_0017_0024_0024.jpg 1 52 17 24 24
0300_0005_0033_0060_0060.jpg 1 5 33 60 60
0301_0042_0050_0033_0033.jpg 1 42 50 33 33
0302_0018_0024_0063_0063.jpg 1 18 24 63 63
0303_0037_0012_0036_0036.jpg 1 37 12 36 36
0304_0031_0031_0055_0055.jpg 1 31 31 55 55
0305_0036_0012_0026_0026.jpg 1 36 12 26 26
0306_0012_0021_0056_0056.jpg 1 12 21 56 56
0307_0011_0010_0045_0045.jpg 1 11 10 45 45
0308_0015_0006_0068_0068.jpg 1 15 6 68 68
0309_0007_0014_0032_0032.jpg 1 7 14 32 32
0310_0014_0019_0035_0035.jpg 1 14 19 35 35
0311_0031_0017_0048_0048.jpg 1 31 17 48 48
0312_0030_0012_0032_0032.jpg 1 30 12 32 32
0313_0025_0010_0049_0049.jpg 1 25 10 49 49
0314_0015_0045_0040_0040.jpg 1 15 45 40 40
0315_0040_0041_0028_0028.jpg 1 40 41 28 28
0316_0011_0011_0062_0062.jpg 1 11 11 62 62
0317_0021_0025_0043_0043.jpg 1 21 25 43 43
0318_0027_0022_0057_0057.jpg 1 27 22 57 57
0319_0031_0006_0048_0048.jpg 1 31 6 48 48
0320_0019_0049_0024_0024.jpg 1 19 49 24 24
0321_0040_0024_0030_0030.jpg 1 40 24 30 30
0322_0029_0033_0054_0054.jpg 1 29 33 54 54
0323_0027_0016_0054_0054.jpg 1 27 16 54 54
0324_0040_0037_0025_0025.jpg 1 40 37 25 25
0325_0018_0014_0056_0056.jpg 1 18 14 56 56
0326_0035_0016_0044_0044.jpg 1 35 16 44 44
0327_0020_0035_0024_0024.jpg 1 20 35 24 24
0328_0029_0036_0040_0040.jpg 1 29 36 40 40
0329_0004_0017_0066_0066.jpg 1 4 17 66 66
0330_0013_0019_0059_0059.jpg 1 13 19 59 59
0331_0015_0033_0033_0033.jpg 1 15 33 33 33
0332_0016_0013_0064_0064.jpg 1 16 13 64 64
0333_0007_0049_0043_0043.jpg 1 7 49 43 43
0334_0031_0012_0055_0055.jpg 1 31 12 55 55
0335_0032_0041_0037_0037.jpg 1 32 41 37 37
0336_0034_0017_0030_0030.jpg 1 34 17 30 30
0337_0014_0017_0068_0068.jpg 1 14 17 68 68
0338_0030_0033_0060_0060.jpg 1 30 33 60 60
0339_0017_0031_0058_0058.jpg 1 17 31 58 58
0340_0041_0020_0052_0052.jpg 1 41 20 52 52
0341_0014_0027_0068_0068.jpg 1 14 27 68 68
0342_0017_0034_0058_0058.jpg 1 17 34 58 58
0343_0033_0013_0046_0046.jpg 1 33 13 46 46
0344_0031_0015_0047_0047.jpg 1 31 15 47 47
0345_0026_0031_0031_0031.jpg 1 26 31 31 31
0346_0023_0020_0069_0069.jpg 1 23 20 69 69
0347_0018_0005_0055_0055.jpg 1 18 5 55 55
0348_0010_0042_0043_0043.jpg 1 10 42 43 43
0349_0670_3441_0027_0027.jpg 1 670 3441 27 27
0350_0032_0061_0030_0030.jpg 1 32 61 30 30
0351_0041_0005_0052_0052.jpg 1 41 5 52 52
0352_0025_0042_0052_0052.jpg 1 25 42 52 52
0353_0041_0052_0036_0036.jpg 1 41 52 36 36
0354_0035_0045_0035_0035.jpg 1 35 45 35 35
0355_0014_0032_0061_0061.jpg 1 14 32 61 61
0356_0027_0008_0067_0067.jpg 1 27 8 67 67
0357_0006_0031_0062_0062.jpg 1 6 31 62 62
0358_0039_0045_0046_0046.jpg 1 39 45 46 46
0359_0007_0019_0067_0067.jpg 1 7 19 67 67
0360_0030_0050_0042_0042.jpg 1 30 50 42 42
0361_0045_0035_0045_0045.jpg 1 45 35 45 45
0362_0006_0013_0050_0050.jpg 1 6 13 50 50
0363_0057_0062_0029_0029.jpg 1 57 62 29 29
0364_0040_0014_0028_0028.jpg 1 40 14 28 28
0365_0042_0023_0025_0025.jpg 1 42 23 25 25
0366_0048_0029_0043_0043.jpg 1 48 29 43 43
0367_0039_0007_0042_0042.jpg 1 39 7 42 42
0368_0015_0041_0029_0029.jpg 1 15 41 29 29
0369_0006_0027_0069_0069.jpg 1 6 27 69 69
0370_0018_0032_0055_0055.jpg 1 18 32 55 55
0371_0019_0028_0045_0045.jpg 1 19 28 45 45
0372_0011_0037_0034_0034.jpg 1 11 37 34 34
0373_0012_0032_0054_0054.jpg 1 12 32 54 54
0374_0024_0040_0046_0046.jpg 1 24 40 46 46
0375_0043_0015_0026_0026.jpg 1 43 15 26 26
0376_0045_0010_0045_0045.jpg 1 45 10 45 45
0377_0005_0031_0064_0064.jpg 1 5 31 64 64
0378_0035_0014_0059_0059.jpg 1 35 14 59 59
0379_0010_0048_0024_0024.jpg 1 10 48 24 24
0380_0032_0038_0037_0037.jpg 1 32 38 37 37
0381_0016_0033_0054_0054.jpg 1 16 33 54 54
0382_0023_0057_0027_0027.jpg 1 23 57 27 27
0383_0006_0032_0054_0054.jpg 1 6 32 54 54
0384_0012_0031_0039_0039.jpg 1 12 31 39 39
0385_0021_0027_0025_0025.jpg 1 21 27 25 25
0386_0019_0011_0039_0039.jpg 1 19 11 39 39
0387_0057_0021_0029_0029.jpg 1 57 21 29 29
0388_0017_0048_0042_0042.jpg 1 17 48 42 42
0389_0042_0047_0046_0046.jpg 1 42 47 46 46
0390_0018_0031_0060_0060.jpg 1 18 31 60 60
0391_0010_0028_0038_0038.jpg 1 10 28 38 38
0392_0030_0020_0042_0042.jpg 1 30 20 42 42
0393_0028_0017_0041_0041.jpg 1 28 17 41 41
0394_0027_0022_0063_0063.jpg 1 27 22 63 63
0395_0008_0049_0042_0042.jpg 1 8 49 42 42
0396_0026_0012_0066_0066.jpg 1 26 12 66 66
0397_0027_0007_0049_0049.jpg 1 27 7 49 49
0398_0063_0037_0024_0024.jpg 1 63 37 24 24
0399_0024_0008_0037_0037.jpg 1 24 8 37 37
0400_0018_0019_0065_0065.jpg 1 18 19 65 65
0401_0007_0021_0042_0042.jpg 1 7 21 42 42
0402_0043_0019_0025_0025.jpg 1 43 19 25 25
0403_0023_0018_0039_0039.jpg 1 23 18 39 39
0404_0012_0027_0026_0026.jpg 1 12 27 26 26
0405_0034_0029_0050_0050.jpg 1 34 29 50 50
0406_0018_0026_0037_0037.jpg 1 18 26 37 37
0407_0015_0020_0061_0061.jpg 1 15 20 61 61
0408_0026_0055_0033_0033.jpg 1 26 55 33 33
0409_0022_0009_0066_0066.jpg 1 22 9 66 66
0410_0023_0021_0041_0041.jpg 1 23 21 41 41
0411_0009_0022_0031_0031.jpg 1 9 22 31 31
0412_0034_0057_0032_0032.jpg 1 34 57 32 32
0413_0007_0028_0046_0046.jpg 1 7 28 46 46
0414_0041_0013_0041_0041.jpg 1 41 13 41 41
0415_0027_0008_0066_0066.jpg 1 27 8 66 66
0416_0021_0012_0026_0026.jpg 1 21 12 26 26
0417_0027_0038_0042_0042.jpg 1 27 38 42 42
0418_0010_0017_0066_0066.jpg 1 10 17 66 66
0419_0023_0032_0061_0061.jpg 1 23 32 61 61
0420_0034_0060_0030_0030.jpg 1 34 60 30 30
0421_0009_0026_0061_0061.jpg 1 9 26 61 61
0422_0017_0007_0055_0055.jpg 1 17 7 55 55
0423_0022_0015_0069_0069.jpg 1 22 15 69 69
0424_0019_0010_0026_0026.jpg 1 19 10 26 26
0425_0018_0014_0028_0028.jpg 1 18 14 28 28
0426_0039_0020_0026_0026.jpg 1 39 20 26 26
0427_0037_0014_0057_0057.jpg 1 37 14 57 57
0428_0026_0027_0038_0038.jpg 1 26 27 38 38
0429_0004_0010_0062_0062.jpg 1 4 10 62 62
0430_0033_0004_0061_0061.jpg 1 33 4 61 61
0431_0044_0030_0031_0031.jpg 1 44 30 31 31
0432_0055_0044_0030_0030.jpg 1 55 44 30 30
0433_0019_0021_0053_0053.jpg 1 19 21 53 53
0434_0050_0027_0032_0032.jpg 1 50 27 32 32
0435_0005_0023_0066_0066.jpg 1 5 23 66 66
0436_0052_0015_0041_0041.jpg 1 52 15 41 41
0437_0041_0029_0026_0026.jpg 1 41 29 26 26
0438_0005_0010_0068_0068.jpg 1 5 10 68 68
0439_0030_0030_0058_0058.jpg 1 30 30 58 58
0440_0024_0012_0068_0068.jpg 1 24 12 68 68
0441_0008_0043_0035_0035.jpg 1 8 43 35 35
0442_0010_0024_0055_0055.jpg 1 10 24 55 55
0443_0017_0015_0062_0062.jpg 1 17 15 62 62
0444_0024_0021_0065_0065.jpg 1 24 21 65 65
0445_0012_0006_0054_0054.jpg 1 12 6 54 54
0446_0017_0039_0055_0055.jpg 1 17 39 55 55
0447_0030_0044_0043_0043.jpg 1 30 44 43 43
0448_0015_0008_0032_0032.jpg 1 15 8 32 32
0449_0014_0018_0057_0057.jpg 1 14 18 57 57
0450_0023_0007_0061_0061.jpg 1 23 7 61 61
0451_0008_0029_0067_0067.jpg 1 8 29 67 67
0452_0037_0037_0053_0053.jpg 1 37 37 53 53
0453_0026_0025_0055_0055.jpg 1 26 25 55 55
0454_0035_0033_0049_0049.jpg 1 35 33 49 49
0455_0025_0027_0028_0028.jpg 1 25 27 28 28
0456_0024_0025_0069_0069.jpg 1 24 25 69 69
0457_0030_0027_0031_0031.jpg 1 30 27 31 31
0458_0037_0038_0033_0033.jpg 1 37 38 33 33
0459_0022_0044_0045_0045.jpg 1 22 44 45 45
0460_0038_0007_0045_0045.jpg 1 38 7 45 45
0461_0040_0035_0046_0046.jpg 1 40 35 46 46
0462_0032_0030_0034_0034.jpg 1 32 30 34 34
0463_0004_0014_0063_0063.jpg 1 4 14 63 63
0464_0006_0041_0041_0041.jpg 1 6 41 41 41
0465_0028_0024_0046_0046.jpg 1 28 24 46 46
0466_0055_0059_0031_0031.jpg 1 55 59 31 31
0467_0016_0032_0046_0046.jpg 1 16 32 46 46
0468_0048_0009_0043_0043.jpg 1 48 9 43 43
0469_0015_0033_0045_0045.jpg 1 15 33 45 45
0470_0036_0058_0027_0027.jpg 1 36 58 27 27
0471_0048_0005_0045_0045.jpg 1 48 5 45 45
0472_0012_0051_0037_0037.jpg 1 12 51 37 37
0473_0022_0023_0054_0054.jpg 1 22 23 54 54
0474_0028_0007_0034_0034.jpg 1 28 7 34 34
0475_0063_0037_0028_0028.jpg 1 63 37 28 28
0476_0052_0043_0037_0037.jpg 1 52 43 37 37
0477_0047_0028_0044_0044.jpg 1 47 28 44 44
0478_0009_0011_0066_0066.jpg 1 9 11 66 66
0479_0013_0017_0032_0032.jpg 1 13 17 32 32
0480_0037_0053_0037_0037.jpg 1 37 53 37 37
0481_0050_0041_0032_0032.jpg 1 50 41 32 32
0482_0025_0027_0052_0052.jpg 1 25 27 52 52
0483_0010_0010_0026_0026.jpg 1 10 10 26 26
0484_0047_0041_0045_0045.jpg 1 47 41 45 45
0485_0020_0008_0029_0029.jpg 1 20 8 29 29
0486_0023_0022_0065_0065.jpg 1 23 22 65 65
0487_0035_0055_0035_0035.jpg 1 35 55 35 35
0488_0018_0013_0057_0057.jpg 1 18 13 57 57
0489_0036_0041_0050_0050.jpg 1 36 41 50 50
0490_0028_0050_0029_0029.jpg 1 28 50 29 29
0491_0013_0014_0062_0062.jpg 1 13 14 62 62
0492_0025_0014_0047_0047.jpg 1 25 14 47 47
0493_0040_0041_0041_0041.jpg 1 40 41 41 41
0494_0017_0021_0063_0063.jpg 1 17 21 63 63
0495_0026_0029_0066_0066.jpg 1 26 29 66 66
0496_0045_0061_0025_0025.jpg 1 45 61 25 25
0497_0028_0033_0034_0034.jpg 1 28 33 34 34
0498_0033_0018_0032_0032.jpg 1 33 18 32 32
0499_0062_0035_0029_0029.jpg 1 62 35 29 29
0500_0027_0060_0029_0029.jpg 1 27 60 29 29
0501_0005_0014_0059_0059.jpg 1 5 14 59 59
0502_0022_0037_0046_0046.jpg 1 22 37 46 46
0503_0023_0021_0057_0057.jpg 1 23 21 57 57
0504_0008_0047_0044_0044.jpg 1 8 47 44 44
0505_0019_0021_0031_0031.jpg 1 19 21 31 31
0506_0026_0023_0063_0063.jpg 1 26 23 63 63
0507_0036_0053_0039_0039.jpg 1 36 53 39 39
0508_0036_0040_0041_0041.jpg 1 36 40 41 41
0509_0025_0024_0069_0069.jpg 1 25 24 69 69
0510_0024_0027_0049_0049.jpg 1 24 27 49 49
0511_0014_0012_0053_0053.jpg 1 14 12 53 53
0512_0006_0035_0038_0038.jpg 1 6 35 38 38
0513_0007_0018_0068_0068.jpg 1 7 18 68 68
0514_0022_0012_0037_0037.jpg 1 22 12 37 37
0515_0012_0012_0067_0067.jpg 1 12 12 67 67
0516_0016_0012_0069_0069.jpg 1 16 12 69 69
0517_0031_0011_0057_0057.jpg 1 31 11 57 57
0518_0021_0006_0068_0068.jpg 1 21 6 68 68
0519_0006_0027_0050_0050.jpg 1 6 27 50 50
0520_0024_0015_0055_0055.jpg 1 24 15 55 55
0521_0040_0053_0032_0032.jpg 1 40 53 32 32
0522_0008_0016_0028_0028.jpg 1 8 16 28 28
0523_0014_0013_0068_0068.jpg 1 14 13 68 68
0524_0012_0012_0056_0056.jpg 1 12 12 56 56
0525_0036_0047_0033_0033.jpg 1 36 47 33 33
0526_0012_0004_0062_0062.jpg 1 12 4 62 62
0527_0011_0045_0039_0039.jpg 1 11 45 39 39
0528_0026_0033_0059_0059.jpg 1 26 33 59 59
0529_0055_0033_0036_0036.jpg 1 55 33 36 36
0530_0049_0013_0034_0034.jpg 1 49 13 34 34
0531_0015_0035_0054_0054.jpg 1 15 35 54 54
0532_0043_0043_0030_0030.jpg 1 43 43 30 30
0533_0021_0005_0060_0060.jpg 1 21 5 60 60
0534_0016_0009_0066_0066.jpg 1 16 9 66 66
0535_0011_0036_0058_0058.jpg 1 11 36 58 58
0536_0027_0014_0060_0060.jpg 1 27 14 60 60
0537_0044_0007_0047_0047.jpg 1 44 7 47 47
0538_0008_0016_0048_0048.jpg 1 8 16 48 48
0539_0016_0010_0067_0067.jpg 1 16 10 67 67
0540_0013_0015_0069_0069.jpg 1 13 15 69 69
0541_0066_0055_0024_0024.jpg 1 66 55 24 24
0542_0009_0019_0055_0055.jpg 1 9 19 55 55
0543_0039_0019_0027_0027.jpg 1 39 19 27 27
0544_0035_0008_0059_0059.jpg 1 35 8 59 59
0545_0004_0023_0061_0061.jpg 1 4 23 61 61
0546_0025_0020_0063_0063.jpg 1 25 20 63 63
0547_0038_0016_0048_0048.jpg 1 38 16 48 48
0548_0035_0031_0032_0032.jpg 1 35 31 32 32
0549_0008_0009_0054_0054.jpg 1 8 9 54 54
0550_0019_0015_0054_0054.jpg 1 19 15 54 54
0551_0024_0021_0063_0063.jpg 1 24 21 63 63
0552_0040_0041_0048_0048.jpg 1 40 41 48 48
0553_0032_0031_0030_0030.jpg 1 32 31 30 30
0554_0039_0019_0025_0025.jpg 1 39 19 25 25
0555_0044_0046_0045_0045.jpg 1 44 46 45 45
0556_0028_0010_0050_0050.jpg 1 28 10 50 50
0557_0042_0049_0036_0036.jpg 1 42 49 36 36
0558_0034_0008_0050_0050.jpg 1 34 8 50 50
0559_0022_0020_0049_0049.jpg 1 22 20 49 49
0560_0045_0019_0046_0046.jpg 1 45 19 46 46
0561_0042_0063_0026_0026.jpg 1 42 63 26 26
0562_0029_0025_0052_0052.jpg 1 29 25 52 52
0563_0003_0018_0068_0068.jpg 1 3 18 68 68
0564_0036_0018_0050_0050.jpg 1 36 18 50 50
0565_0010_0043_0051_0051.jpg 1 10 43 51 51
0566_0016_0012_0054_0054.jpg 1 16 12 54 54
0567_0028_0025_0066_0066.jpg 1 28 25 66 66
0568_0005_0029_0061_0061.jpg 1 5 29 61 61
0569_0012_0009_0025_0025.jpg 1 12 9 25 25
0570_0017_0035_0056_0056.jpg 1 17 35 56 56
0571_0020_0009_0069_0069.jpg 1 20 9 69 69
0572_0028_0044_0029_0029.jpg 1 28 44 29 29
0573_0015_0046_0034_0034.jpg 1 15 46 34 34
0574_0008_0045_0049_0049.jpg 1 8 45 49 49
0575_0017_0036_0032_0032.jpg 1 17 36 32 32
0576_0014_0016_0062_0062.jpg 1 14 16 62 62
0577_0016_0019_0063_0063.jpg 1 16 19 63 63
0578_0041_0011_0046_0046.jpg 1 41 11 46 46
0579_0030_0008_0025_0025.jpg 1 30 8 25 25
0580_0012_0037_0030_0030.jpg 1 12 37 30 30
0581_0026_0040_0044_0044.jpg 1 26 40 44 44
0582_0020_0024_0042_0042.jpg 1 20 24 42 42
0583_0013_0014_0036_0036.jpg 1 13 14 36 36
0584_0010_0031_0047_0047.jpg 1 10 31 47 47
0585_0021_0026_0063_0063.jpg 1 21 26 63 63
0586_0015_0025_0024_0024.jpg 1 15 25 24 24
0587_0048_0034_0032_0032.jpg 1 48 34 32 32
0588_0027_0011_0036_0036.jpg 1 27 11 36 36
0589_0011_0020_0061_0061.jpg 1 11 20 61 61
0590_0046_0046_0046_0046.jpg 1 46 46 46 46
0591_0017_0038_0054_0054.jpg 1 17 38 54 54
0592_0031_0031_0050_0050.jpg 1 31 31 50 50
0593_0042_0010_0049_0049.jpg 1 42 10 49 49
0594_0026_0021_0044_0044.jpg 1 26 21 44 44
0595_0014_0017_0036_0036.jpg 1 14 17 36 36
0596_0045_0046_0046_0046.jpg 1 45 46 46 46
0597_0029_0063_0024_0024.jpg 1 29 63 24 24
0598_0013_0008_0069_0069.jpg 1 13 8 69 69
0599_0020_0031_0062_0062.jpg 1 20 31 62 62
0600_0010_0053_0025_0025.jpg 1 10 53 25 25
0601_0054_0031_0028_0028.jpg 1 54 31 28 28
0602_0004_0027_0058_0058.jpg 1 4 27 58 58
0603_0023_0006_0063_0063.jpg 1 23 6 63 63
0604_0021_0007_0038_0038.jpg 1 21 7 38 38
0605_0011_0010_0046_0046.jpg 1 11 10 46 46
0606_0020_0037_0052_0052.jpg 1 20 37 52 52
0607_0029_0035_0061_0061.jpg 1 29 35 61 61
0608_0054_0016_0028_0028.jpg 1 54 16 28 28
0609_0032_0019_0031_0031.jpg 1 32 19 31 31
0610_0020_0011_0060_0060.jpg 1 20 11 60 60
0611_0007_0041_0045_0045.jpg 1 7 41 45 45
0612_0040_0028_0040_0040.jpg 1 40 28 40 40
0613_0018_0030_0042_0042.jpg 1 18 30 42 42
0614_0007_0008_0055_0055.jpg 1 7 8 55 55
0615_0029_0034_0048_0048.jpg 1 29 34 48 48
0616_0018_0037_0032_0032.jpg 1 18 37 32 32
0617_0016_0026_0060_0060.jpg 1 16 26 60 60
0618_0011_0032_0041_0041.jpg 1 11 32 41 41
0619_0027_0018_0045_0045.jpg 1 27 18 45 45
0620_0019_0043_0050_0050.jpg 1 19 43 50 50
0621_0008_0021_0037_0037.jpg 1 8 21 37 37
0622_0056_0014_0024_0024.jpg 1 56 14 24 24
0623_0025_0006_0058_0058.jpg 1 25 6 58 58
0624_0022_0012_0047_0047.jpg 1 22 12 47 47
0625_0007_0020_0062_0062.jpg 1 7 20 62 62
0626_0025_0006_0060_0060.jpg 1 25 6 60 60
0627_0038_0052_0041_0041.jpg 1 38 52 41 41
0628_0023_0028_0043_0043.jpg 1 23 28 43 43
0629_0015_0020_0056_0056.jpg 1 15 20 56 56
0630_0028_0018_0035_0035.jpg 1 28 18 35 35
0631_0008_0019_0067_0067.jpg 1 8 19 67 67
0632_0019_0008_0027_0027.jpg 1 19 8 27 27
0633_0025_0023_0050_0050.jpg 1 25 23 50 50
0634_0031_0054_0036_0036.jpg 1 31 54 36 36
0635_0029_0015_0067_0067.jpg 1 29 15 67 67
0636_0015_0032_0060_0060.jpg 1 15 32 60 60
0637_0009_0016_0048_0048.jpg 1 9 16 48 48
0638_0027_0025_0064_0064.jpg 1 27 25 64 64
0639_0025_0058_0030_0030.jpg 1 25 58 30 30
0640_0010_0052_0038_0038.jpg 1 10 52 38 38
0641_0040_0038_0026_0026.jpg 1 40 38 26 26
0642_0055_0019_0025_0025.jpg 1 55 19 25 25
0643_0007_0009_0066_0066.jpg 1 7 9 66 66
0644_0024_0039_0043_0043.jpg 1 24 39 43 43
0645_0015_0009_0056_0056.jpg 1 15 9 56 56
0646_0035_0028_0058_0058.jpg 1 35 28 58 58
0647_0033_0045_0047_0047.jpg 1 33 45 47 47
0648_0028_0023_0065_0065.jpg 1 28 23 65 65
0649_0019_0049_0038_0038.jpg 1 19 49 38 38
0650_0026_0041_0045_0045.jpg 1 26 41 45 45
0651_0026_0032_0049_0049.jpg 1 26 32 49 49
0652_0044_0017_0045_0045.jpg 1 44 17 45 45
0653_0049_0021_0030_0030.jpg 1 49 21 30 30
0654_0027_0017_0047_0047.jpg 1 27 17 47 47
0655_0015_0013_0045_0045.jpg 1 15 13 45 45
0656_0007_0019_0046_0046.jpg 1 7 19 46 46
0657_0012_0036_0049_0049.jpg 1 12 36 49 49
0658_0037_0010_0044_0044.jpg 1 37 10 44 44
0659_0050_0044_0028_0028.jpg 1 50 44 28 28
0660_0051_0047_0028_0028.jpg 1 51 47 28 28
0661_0037_0010_0057_0057.jpg 1 37 10 57 57
0662_0037_0024_0046_0046.jpg 1 37 24 46 46
0663_0021_0051_0027_0027.jpg 1 21 51 27 27
0664_0033_0022_0055_0055.jpg 1 33 22 55 55
0665_0011_0011_0033_0033.jpg 1 11 11 33 33
0666_0021_0027_0067_0067.jpg 1 21 27 67 67
0667_0034_0022_0036_0036.jpg 1 34 22 36 36
0668_0033_0046_0034_0034.jpg 1 33 46 34 34
0669_0053_0018_0027_0027.jpg 1 53 18 27 27
0670_0009_0031_0040_0040.jpg 1 9 31 40 40
0671_0051_0040_0027_0027.jpg 1 51 40 27 27
0672_0006_0027_0044_0044.jpg 1 6 27 44 44
0673_0021_0028_0067_0067.jpg 1 21 28 67 67
0674_0016_0042_0029_0029.jpg 1 16 42 29 29
0675_0006_0047_0045_0045.jpg 1 6 47 45 45
0676_0005_0025_0069_0069.jpg 1 5 25 69 69
0677_0016_0032_0061_0061.jpg 1 16 32 61 61
0678_0052_0008_0039_0039.jpg 1 52 8 39 39
0679_0028_0020_0041_0041.jpg 1 28 20 41 41
0680_0013_0024_0048_0048.jpg 1 13 24 48 48
0681_0041_0016_0050_0050.jpg 1 41 16 50 50
0682_0033_0006_0058_0058.jpg 1 33 6 58 58
0683_0033_0020_0042_0042.jpg 1 33 20 42 42
0684_0026_0012_0032_0032.jpg 1 26 12 32 32
0685_0047_0046_0024_0024.jpg 1 47 46 24 24
0686_0041_0043_0040_0040.jpg 1 41 43 40 40
0687_0024_0019_0063_0063.jpg 1 24 19 63 63
0688_0036_0009_0048_0048.jpg 1 36 9 48 48
0689_0009_0031_0055_0055.jpg 1 9 31 55 55
0690_0018_0029_0049_0049.jpg 1 18 29 49 49
0691_0012_0019_0057_0057.jpg 1 12 19 57 57
0692_0009_0029_0033_0033.jpg 1 9 29 33 33
0693_0009_0019_0043_0043.jpg 1 9 19 43 43
0694_0005_0012_0046_0046.jpg 1 5 12 46 46
0695_0043_0031_0029_0029.jpg 1 43 31 29 29
0696_0025_0022_0052_0052.jpg 1 25 22 52 52
0697_0045_0012_0040_0040.jpg 1 45 12 40 40
0698_0009_0035_0037_0037.jpg 1 9 35 37 37
0699_0018_0029_0066_0066.jpg 1 18 29 66 66
0700_0046_0052_0036_0036.jpg 1 46 52 36 36
0701_0024_0030_0062_0062.jpg 1 24 30 62 62
0702_0010_0013_0034_0034.jpg 1 10 13 34 34
0703_0034_0031_0035_0035.jpg 1 34 31 35 35
0704_0055_0008_0026_0026.jpg 1 55 8 26 26
0705_0017_0033_0036_0036.jpg 1 17 33 36 36
0706_0012_0038_0044_0044.jpg 1 12 38 44 44
0707_0009_0013_0062_0062.jpg 1 9 13 62 62
0708_0029_0012_0040_0040.jpg 1 29 12 40 40
0709_0033_0029_0058_0058.jpg 1 33 29 58 58
0710_0009_0012_0066_0066.jpg 1 9 12 66 66
0711_0019_0014_0065_0065.jpg 1 19 14 65 65
0712_0041_0013_0031_0031.jpg 1 41 13 31 31
0713_0009_0013_0061_0061.jpg 1 9 13 61 61
0714_0025_0015_0068_0068.jpg 1 25 15 68 68
0715_0046_0026_0046_0046.jpg 1 46 26 46 46
0716_0037_0008_0031_0031.jpg 1 37 8 31 31
0717_0010_0056_0033_0033.jpg 1 10 56 33 33
0718_0035_0042_0030_0030.jpg 1 35 42 30 30
0719_0011_0012_0058_0058.jpg 1 11 12 58 58
0720_0046_0007_0048_0048.jpg 1 46 7 48 48
0721_0014_0036_0035_0035.jpg 1 14 36 35 35
0722_0017_0009_0060_0060.jpg 1 17 9 60 60
0723_0030_0024_0066_0066.jpg 1 30 24 66 66
0724_0010_0025_0067_0067.jpg 1 10 25 67 67
0725_0028_0004_0058_0058.jpg 1 28 4 58 58
0726_0020_0039_0027_0027.jpg 1 20 39 27 27
0727_0011_0033_0062_0062.jpg 1 11 33 62 62
0728_0027_0049_0041_0041.jpg 1 27 49 41 41
0729_0041_0013_0037_0037.jpg 1 41 13 37 37
0730_0006_0014_0057_0057.jpg 1 6 14 57 57
0731_0011_0043_0035_0035.jpg 1 11 43 35 35
0732_0021_0057_0030_0030.jpg 1 21 57 30 30
0733_0040_0063_0027_0027.jpg 1 40 63 27 27
0734_0014_0047_0026_0026.jpg 1 14 47 26 26
0735_0042_0027_0041_0041.jpg 1 42 27 41 41
0736_0019_0019_0033_0033.jpg 1 19 19 33 33
0737_0005_0024_0064_0064.jpg 1 5 24 64 64
0738_0019_0022_0052_0052.jpg 1 19 22 52 52
0739_0013_0022_0067_0067.jpg 1 13 22 67 67
0740_0025_0005_0066_0066.jpg 1 25 5 66 66
0741_0007_0025_0067_0067.jpg 1 7 25 67 67
0742_0036_0045_0048_0048.jpg 1 36 45 48 48
0743_0036_0014_0055_0055.jpg 1 36 14 55 55
0744_0048_0019_0044_0044.jpg 1 48 19 44 44
0745_0031_0015_0060_0060.jpg 1 31 15 60 60
0746_0040_0020_0050_0050.jpg 1 40 20 50 50
0747_0019_0014_0027_0027.jpg 1 19 14 27 27
0748_0012_0029_0051_0051.jpg 1 12 29 51 51
0749_0024_0053_0039_0039.jpg 1 24 53 39 39
0750_0047_0009_0045_0045.jpg 1 47 9 45 45
0751_0016_0040_0043_0043.jpg 1 16 40 43 43
0752_0023_0009_0068_0068.jpg 1 23 9 68 68
0753_0027_0003_0067_0067.jpg 1 27 3 67 67
0754_0028_0038_0034_0034.jpg 1 28 38 34 34
0755_0041_0006_0048_0048.jpg 1 41 6 48 48
0756_0032_0016_0034_0034.jpg 1 32 16 34 34
0757_0012_0010_0050_0050.jpg 1 12 10 50 50
0758_0021_0009_0038_0038.jpg 1 21 9 38 38
0759_0030_0030_0027_0027.jpg 1 30 30 27 27
0760_0005_0026_0066_0066.jpg 1 5 26 66 66
0761_0035_0052_0038_0038.jpg 1 35 52 38 38
0762_0020_0026_0043_0043.jpg 1 20 26 43 43
0763_0017_0027_0034_0034.jpg 1 17 27 34 34
0764_0020_0024_0069_0069.jpg 1 20 24 69 69
0765_0065_0035_0024_0024.jpg 1 65 35 24 24
0766_0027_0005_0064_0064.jpg 1 27 5 64 64
0767_0032_0020_0028_0028.jpg 1 32 20 28 28
0768_0041_0042_0039_0039.jpg 1 41 42 39 39
0769_0007_0028_0064_0064.jpg 1 7 28 64 64
0770_0013_0036_0048_0048.jpg 1 13 36 48 48
0771_0037_0033_0035_0035.jpg 1 37 33 35 35
0772_0026_0004_0066_0066.jpg 1 26 4 66 66
0773_0018_0039_0031_0031.jpg 1 18 39 31 31
0774_0036_0010_0050_0050.jpg 1 36 10 50 50
0775_0005_0015_0060_0060.jpg 1 5 15 60 60
0776_0038_0039_0047_0047.jpg 1 38 39 47 47
0777_0023_0021_0063_0063.jpg 1 23 21 63 63
0778_0008_0022_0057_0057.jpg 1 8 22 57 57
0779_0028_0026_0065_0065.jpg 1 28 26 65 65
0780_0043_0021_0048_0048.jpg 1 43 21 48 48
0781_0024_0015_0066_0066.jpg 1 24 15 66 66
0782_0041_0052_0032_0032.jpg 1 41 52 32 32
0783_0054_0039_0035_0035.jpg 1 54 39 35 35
0784_0019_0034_0050_0050.jpg 1 19 34 50 50
0785_0037_0021_0049_0049.jpg 1 37 21 49 49
0786_0009_0045_0032_0032.jpg 1 9 45 32 32
0787_0018_0046_0044_0044.jpg 1 18 46 44 44
0788_0026_0021_0043_0043.jpg 1 26 21 43 43
0789_0022_0021_0054_0054.jpg 1 22 21 54 54
0790_0045_0026_0038_0038.jpg 1 45 26 38 38
0791_0029_0013_0054_0054.jpg 1 29 13 54 54
0792_0051_0047_0039_0039.jpg 1 51 47 39 39
0793_0040_0027_0053_0053.jpg 1 40 27 53 53
0794_0048_0016_0025_0025.jpg 1 48 16 25 25
0795_0055_0051_0034_0034.jpg 1 55 51 34 34
0796_0009_0021_0032_0032.jpg 1 9 21 32 32
0797_0045_0059_0029_0029.jpg 1 45 59 29 29
0798_0012_0009_0040_0040.jpg 1 12 9 40 40
0799_0013_0032_0039_0039.jpg 1 13 32 39 39
0800_0016_0011_0061_0061.jpg 1 16 11 61 61
0801_0019_0014_0033_0033.jpg 1 19 14 33 33
0802_0034_0034_0059_0059.jpg 1 34 34 59 59
0803_0005_0025_0055_0055.jpg 1 5 25 55 55
0804_0052_0022_0026_0026.jpg 1 52 22 26 26
0805_0037_0028_0052_0052.jpg 1 37 28 52 52
0806_0018_0028_0064_0064.jpg 1 18 28 64 64
0807_0015_0051_0031_0031.jpg 1 15 51 31 31
0808_0026_0021_0058_0058.jpg 1 26 21 58 58
0809_0012_0011_0064_0064.jpg 1 12 11 64 64
0810_0058_0046_0034_0034.jpg 1 58 46 34 34
0811_0039_0042_0043_0043.jpg 1 39 42 43 43
0812_0067_0034_0024_0024.jpg 1 67 34 24 24
0813_0031_0021_0062_0062.jpg 1 31 21 62 62
0814_0023_0041_0033_0033.jpg 1 23 41 33 33
0815_0024_0017_0047_0047.jpg 1 24 17 47 47
0816_0043_0042_0030_0030.jpg 1 43 42 30 30
0817_0017_0007_0065_0065.jpg 1 17 7 65 65
0818_0043_0019_0036_0036.jpg 1 43 19 36 36
0819_0021_0038_0044_0044.jpg 1 21 38 44 44
0820_0009_0041_0054_0054.jpg 1 9 41 54 54
0821_0027_0058_0032_0032.jpg 1 27 58 32 32
0822_0033_0004_0061_0061.jpg 1 33 4 61 61
0823_0029_0032_0038_0038.jpg 1 29 32 38 38
0824_0022_0017_0053_0053.jpg 1 22 17 53 53
0825_0031_0041_0051_0051.jpg 1 31 41 51 51
0826_0013_0033_0042_0042.jpg 1 13 33 42 42
0827_0007_0031_0034_0034.jpg 1 7 31 34 34
0828_0029_0048_0030_0030.jpg 1 29 48 30 30
0829_0024_0037_0048_0048.jpg 1 24 37 48 48
0830_0051_0006_0039_0039.jpg 1 51 6 39 39
0831_0033_0036_0031_0031.jpg 1 33 36 31 31
0832_0025_0035_0052_0052.jpg 1 25 35 52 52
0833_0024_0021_0053_0053.jpg 1 24 21 53 53
0834_0029_0027_0058_0058.jpg 1 29 27 58 58
0835_0016_0007_0055_0055.jpg 1 16 7 55 55
0836_0014_0011_0061_0061.jpg 1 14 11 61 61
0837_0012_0011_0024_0024.jpg 1 12 11 24 24
0838_0007_0023_0065_0065.jpg 1 7 23 65 65
0839_0009_0023_0062_0062.jpg 1 9 23 62 62
0840_0025_0021_0027_0027.jpg 1 25 21 27 27
0841_0047_0041_0030_0030.jpg 1 47 41 30 30
0842_0020_0043_0048_0048.jpg 1 20 43 48 48
0843_0006_0035_0049_0049.jpg 1 6 35 49 49
0844_0047_0010_0046_0046.jpg 1 47 10 46 46
0845_0021_0008_0065_0065.jpg 1 21 8 65 65
0846_0022_0031_0062_0062.jpg 1 22 31 62 62
0847_0037_0049_0035_0035.jpg 1 37 49 35 35
0848_0026_0026_0038_0038.jpg 1 26 26 38 38
0849_0044_0056_0024_0024.jpg 1 44 56 24 24
0850_0039_0014_0047_0047.jpg 1 39 14 47 47
0851_0008_0030_0065_0065.jpg 1 8 30 65 65
0852_0029_0053_0032_0032.jpg 1 29 53 32 32
0853_0015_0041_0043_0043.jpg 1 15 41 43 43
0854_0042_0035_0043_0043.jpg 1 42 35 43 43
0855_0012_0020_0069_0069.jpg 1 12 20 69 69
0856_0057_0053_0032_0032.jpg 1 57 53 32 32
0857_0018_0011_0050_0050.jpg 1 18 11 50 50
0858_0041_0040_0050_0050.jpg 1 41 40 50 50
0859_0049_0058_0028_0028.jpg 1 49 58 28 28
0860_0022_0024_0053_0053.jpg 1 22 24 53 53
0861_0018_0040_0044_0044.jpg 1 18 40 44 44
0862_0031_0029_0053_0053.jpg 1 31 29 53 53
0863_0027_0009_0052_0052.jpg 1 27 9 52 52
0864_0049_0047_0042_0042.jpg 1 49 47 42 42
0865_0038_0006_0040_0040.jpg 1 38 6 40 40
0866_0024_0010_0063_0063.jpg 1 24 10 63 63
0867_0032_0019_0053_0053.jpg 1 32 19 53 53
0868_0019_0011_0059_0059.jpg 1 19 11 59 59
0869_0044_0012_0041_0041.jpg 1 44 12 41 41
0870_0015_0050_0037_0037.jpg 1 15 50 37 37
0871_0013_0008_0041_0041.jpg 1 13 8 41 41
0872_0024_0011_0055_0055.jpg 1 24 11 55 55
0873_0039_0034_0032_0032.jpg 1 39 34 32 32
0874_0012_0006_0053_0053.jpg 1 12 6 53 53
0875_0018_0051_0024_0024.jpg 1 18 51 24 24
0876_0017_0018_0057_0057.jpg 1 17 18 57 57
0877_0024_0010_0029_0029.jpg 1 24 10 29 29
0878_0009_0032_0057_0057.jpg 1 9 32 57 57
0879_0021_0024_0031_0031.jpg 1 21 24 31 31
0880_0020_0011_0048_0048.jpg 1 20 11 48 48
0881_0011_0012_0024_0024.jpg 1 11 12 24 24
0882_0015_0016_0032_0032.jpg 1 15 16 32 32
0883_0013_0056_0034_0034.jpg 1 13 56 34 34
0884_0032_0006_0063_0063.jpg 1 32 6 63 63
0885_0016_0048_0035_0035.jpg 1 16 48 35 35
0886_0019_0020_0025_0025.jpg 1 19 20 25 25
0887_0030_0019_0055_0055.jpg 1 30 19 55 55
0888_0025_0006_0066_0066.jpg 1 25 6 66 66
0889_0023_0006_0063_0063.jpg 1 23 6 63 63
0890_0010_0011_0062_0062.jpg 1 10 11 62 62
0891_0035_0017_0059_0059.jpg 1 35 17 59 59
0892_0044_0045_0030_0030.jpg 1 44 45 30 30
0893_0035_0023_0056_0056.jpg 1 35 23 56 56
0894_0024_0041_0024_0024.jpg 1 24 41 24 24
0895_0029_0007_0060_0060.jpg 1 29 7 60 60
0896_0028_0007_0068_0068.jpg 1 28 7 68 68
0897_0009_0018_0065_0065.jpg 1 9 18 65 65
0898_0037_0023_0036_0036.jpg 1 37 23 36 36
0899_0044_0023_0036_0036.jpg 1 44 23 36 36
0900_0032_0036_0057_0057.jpg 1 32 36 57 57
0901_0010_0018_0027_0027.jpg 1 10 18 27 27
0902_0029_0032_0032_0032.jpg 1 29 32 32 32
0903_0004_0031_0059_0059.jpg 1 4 31 59 59
0904_0010_0018_0038_0038.jpg 1 10 18 38 38
0905_0032_0031_0062_0062.jpg 1 32 31 62 62
0906_0017_0023_0044_0044.jpg 1 17 23 44 44
0907_0029_0019_0056_0056.jpg 1 29 19 56 56
0908_0012_0032_0059_0059.jpg 1 12 32 59 59
0909_0036_0008_0044_0044.jpg 1 36 8 44 44
0910_0030_0019_0060_0060.jpg 1 30 19 60 60
0911_0024_0038_0055_0055.jpg 1 24 38 55 55
0912_0007_0042_0052_0052.jpg 1 7 42 52 52
0913_0039_0032_0027_0027.jpg 1 39 32 27 27
0914_0021_0017_0048_0048.jpg 1 21 17 48 48
0915_0007_0022_0038_0038.jpg 1 7 22 38 38
0916_0023_0007_0056_0056.jpg 1 23 7 56 56
0917_0030_0029_0065_0065.jpg 1 30 29 65 65
0918_0026_0013_0034_0034.jpg 1 26 13 34 34
0919_0025_0041_0042_0042.jpg 1 25 41 42 42
0920_0014_0031_0063_0063.jpg 1 14 31 63 63
0921_0065_0052_0024_0024.jpg 1 65 52 24 24
0922_0033_0019_0042_0042.jpg 1 33 19 42 42
0923_0027_0051_0032_0032.jpg 1 27 51 32 32
0924_0056_0032_0036_0036.jpg 1 56 32 36 36
0925_0032_0031_0051_0051.jpg 1 32 31 51 51
0926_0022_0035_0046_0046.jpg 1 22 35 46 46
0927_0029_0038_0030_0030.jpg 1 29 38 30 30
0928_0037_0009_0049_0049.jpg 1 37 9 49 49
0929_0051_0014_0029_0029.jpg 1 51 14 29 29
0930_0043_0036_0044_0044.jpg 1 43 36 44 44
0931_0036_0017_0040_0040.jpg 1 36 17 40 40
0932_0015_0013_0041_0041.jpg 1 15 13 41 41
0933_0049_0033_0026_0026.jpg 1 49 33 26 26
0934_0027_0013_0055_0055.jpg 1 27 13 55 55
0935_0024_0051_0030_0030.jpg 1 24 51 30 30
0936_0023_0045_0028_0028.jpg 1 23 45 28 28
0937_0009_0021_0050_0050.jpg 1 9 21 50 50
0938_0042_0016_0034_0034.jpg 1 42 16 34 34
0939_0035_0027_0046_0046.jpg 1 35 27 46 46
0940_0004_0019_0055_0055.jpg 1 4 19 55 55
