0001_0035_0012_0057_0057.jpg 1 35 12 57 57
0002_0009_0028_0050_0050.jpg 1 9 28 50 50
0003_0051_0042_0038_0038.jpg 1 51 42 38 38
0004_0017_0025_0044_0044.jpg 1 17 25 44 44
0005_0007_0025_0062_0062.jpg 1 7 25 62 62
0006_0028_0027_0034_0034.jpg 1 28 27 34 34
0007_0015_0014_0061_0061.jpg 1 15 14 61 61
0008_0049_0047_0042_0042.jpg 1 49 47 42 42
0009_0013_0014_0061_0061.jpg 1 13 14 61 61
0010_0043_0048_0034_0034.jpg 1 43 48 34 34
0011_0012_0033_0060_0060.jpg 1 12 33 60 60
0012_0007_0040_0029_0029.jpg 1 7 40 29 29
0013_0018_0010_0027_0027.jpg 1 18 10 27 27
0014_0005_0007_0065_0065.jpg 1 5 7 65 65
0015_0065_0015_0026_0026.jpg 1 65 15 26 26
0016_0029_0041_0051_0051.jpg 1 29 41 51 51
0017_0038_0013_0033_0033.jpg 1 38 13 33 33
0018_0006_0029_0064_0064.jpg 1 6 29 64 64
0019_0010_0031_0048_0048.jpg 1 10 31 48 48
0020_0040_0019_0029_0029.jpg 1 40 19 29 29
0021_0005_0032_0061_0061.jpg 1 5 32 61 61
0022_0053_0058_0026_0026.jpg 1 53 58 26 26
0023_0035_0009_0060_0060.jpg 1 35 9 60 60
0024_0023_0029_0028_0028.jpg 1 23 29 28 28
0025_0057_0058_0032_0032.jpg 1 57 58 32 32
0026_0016_0014_0067_0067.jpg 1 16 14 67 67
0027_0033_0007_0038_0038.jpg 1 33 7 38 38
0028_0060_0061_0024_0024.jpg 1 60 61 24 24
0029_0021_0030_0063_0063.jpg 1 21 30 63 63
0030_0014_0031_0054_0054.jpg 1 14 31 54 54
0031_0010_0023_0063_0063.jpg 1 10 23 63 63
0032_0031_0043_0049_0049.jpg 1 31 43 49 49
0033_0016_0045_0045_0045.jpg 1 16 45 45 45
0034_0015_0025_0040_0040.jpg 1 15 25 40 40
0035_0043_0020_0037_0037.jpg 1 43 20 37 37
0036_0017_0029_0049_0049.jpg 1 17 29 49 49
0037_0007_0021_0062_0062.jpg 1 7 21 62 62
0038_0039_0039_0045_0045.jpg 1 39 39 45 45
0039_0018_0026_0069_0069.jpg 1 18 26 69 69
0040_0009_0032_0058_0058.jpg 1 9 32 58 58
0041_0016_0035_0050_0050.jpg 1 16 35 50 50
0042_0019_0024_0066_0066.jpg 1 19 24 66 66
0043_0038_0046_0035_0035.jpg 1 38 46 35 35
0044_0038_0036_0041_0041.jpg 1 38 36 41 41
0045_0033_0009_0057_0057.jpg 1 33 9 57 57
0046_0034_0041_0039_0039.jpg 1 34 41 39 39
0047_0044_0026_0036_0036.jpg 1 44 26 36 36
0048_0005_0028_0067_0067.jpg 1 5 28 67 67
0049_0055_0025_0033_0033.jpg 1 55 25 33 33
0050_0023_0051_0043_0043.jpg 1 23 51 43 43
0051_0056_0013_0033_0033.jpg 1 56 13 33 33
0052_0017_0041_0048_0048.jpg 1 17 41 48 48
0053_0024_0041_0042_0042.jpg 1 24 41 42 42
0054_0011_0018_0032_0032.jpg 1 11 18 32 32
0055_0045_0039_0034_0034.jpg 1 45 39 34 34
0056_0030_0018_0045_0045.jpg 1 30 18 45 45
0057_0006_0012_0068_0068.jpg 1 6 12 68 68
0058_0014_0035_0060_0060.jpg 1 14 35 60 60
0059_0007_0021_0031_0031.jpg 1 7 21 31 31
0060_0025_0057_0033_0033.jpg 1 25 57 33 33
0061_0012_0024_0036_0036.jpg 1 12 24 36 36
0062_0049_0012_0034_0034.jpg 1 49 12 34 34
0063_0025_0037_0041_0041.jpg 1 25 37 41 41
0064_0015_0025_0068_0068.jpg 1 15 25 68 68
0065_0041_0014_0027_0027.jpg 1 41 14 27 27
0066_0045_0026_0024_0024.jpg 1 45 26 24 24
0067_0010_0026_0059_0059.jpg 1 10 26 59 59
0068_0020_0032_0037_0037.jpg 1 20 32 37 37
0069_0025_0013_0060_0060.jpg 1 25 13 60 60
0070_0042_0009_0029_0029.jpg 1 42 9 29 29
0071_0021_0007_0032_0032.jpg 1 21 7 32 32
0072_0031_0029_0037_0037.jpg 1 31 29 37 37
0073_0035_0024_0034_0034.jpg 1 35 24 34 34
0074_0050_0018_0036_0036.jpg 1 50 18 36 36
0075_0012_0007_0066_0066.jpg 1 12 7 66 66
0076_0009_0026_0060_0060.jpg 1 9 26 60 60
0077_0047_0013_0042_0042.jpg 1 47 13 42 42
0078_0026_0012_0046_0046.jpg 1 26 12 46 46
0079_0063_0063_0028_0028.jpg 1 63 63 28 28
0080_0028_0039_0037_0037.jpg 1 28 39 37 37
0081_0023_0016_0049_0049.jpg 1 23 16 49 49
0082_0031_0043_0046_0046.jpg 1 31 43 46 46
0083_0027_0011_0058_0058.jpg 1 27 11 58 58
0084_0025_0030_0037_0037.jpg 1 25 30 37 37
0085_0038_0023_0054_0054.jpg 1 38 23 54 54
0086_0020_0010_0026_0026.jpg 1 20 10 26 26
0087_0022_0059_0026_0026.jpg 1 22 59 26 26
0088_0023_0022_0069_0069.jpg 1 23 22 69 69
0089_0051_0009_0038_0038.jpg 1 51 9 38 38
0090_0026_0021_0067_0067.jpg 1 26 21 67 67
0091_0008_0019_0066_0066.jpg 1 8 19 66 66
0092_0048_0038_0044_0044.jpg 1 48 38 44 44
0093_0020_0021_0056_0056.jpg 1 20 21 56 56
0094_0022_0013_0065_0065.jpg 1 22 13 65 65
0095_0031_0014_0060_0060.jpg 1 31 14 60 60
0096_0009_0021_0046_0046.jpg 1 9 21 46 46
0097_0012_0024_0068_0068.jpg 1 12 24 68 68
0098_0043_0008_0032_0032.jpg 1 43 8 32 32
0099_0013_0045_0037_0037.jpg 1 13 45 37 37
0100_0054_0013_0031_0031.jpg 1 54 13 31 31
0101_0009_0024_0033_0033.jpg 1 9 24 33 33
0102_0048_0024_0036_0036.jpg 1 48 24 36 36
0103_0025_0024_0051_0051.jpg 1 25 24 51 51
0104_0010_0035_0057_0057.jpg 1 10 35 57 57
0105_0006_0017_0041_0041.jpg 1 6 17 41 41
0106_0009_0032_0060_0060.jpg 1 9 32 60 60
0107_0008_0019_0058_0058.jpg 1 8 19 58 58
0108_0027_0003_0069_0069.jpg 1 27 3 69 69
0109_0029_0029_0057_0057.jpg 1 29 29 57 57
0110_0011_0049_0044_0044.jpg 1 11 49 44 44
0111_0021_0034_0041_0041.jpg 1 21 34 41 41
0112_0034_0017_0060_0060.jpg 1 34 17 60 60
0113_0008_0032_0054_0054.jpg 1 8 32 54 54
0114_0011_0016_0061_0061.jpg 1 11 16 61 61
0115_0013_0022_0066_0066.jpg 1 13 22 66 66
0116_0027_0021_0047_0047.jpg 1 27 21 47 47
0117_0049_0028_0042_0042.jpg 1 49 28 42 42
0118_0011_0007_0059_0059.jpg 1 11 7 59 59
0119_0066_0029_0024_0024.jpg 1 66 29 24 24
0120_0013_0010_0050_0050.jpg 1 13 10 50 50
0121_0031_0027_0036_0036.jpg 1 31 27 36 36
0122_0022_0015_0062_0062.jpg 1 22 15 62 62
0123_0023_0025_0048_0048.jpg 1 23 25 48 48
0124_0018_0012_0032_0032.jpg 1 18 12 32 32
0125_0009_0007_0034_0034.jpg 1 9 7 34 34
0126_0014_0059_0033_0033.jpg 1 14 59 33 33
0127_0009_0053_0029_0029.jpg 1 9 53 29 29
0128_0020_0011_0064_0064.jpg 1 20 11 64 64
0129_0049_0016_0034_0034.jpg 1 49 16 34 34
0130_0048_0036_0043_0043.jpg 1 48 36 43 43
0131_0028_0038_0048_0048.jpg 1 28 38 48 48
0132_0016_0016_0069_0069.jpg 1 16 16 69 69
0133_0032_0012_0063_0063.jpg 1 32 12 63 63
0134_0041_0019_0036_0036.jpg 1 41 19 36 36
0135_0012_0023_0061_0061.jpg 1 12 23 61 61
0136_0033_0053_0024_0024.jpg 1 33 53 24 24
0137_0004_0030_0060_0060.jpg 1 4 30 60 60
0138_0024_0022_0066_0066.jpg 1 24 22 66 66
0139_0014_0017_0045_0045.jpg 1 14 17 45 45
0140_0065_0019_0024_0024.jpg 1 65 19 24 24
0141_0028_0011_0067_0067.jpg 1 28 11 67 67
0142_0022_0011_0065_0065.jpg 1 22 11 65 65
0143_0005_0006_0066_0066.jpg 1 5 6 66 66
0144_0045_0014_0027_0027.jpg 1 45 14 27 27
0145_0017_0006_0066_0066.jpg 1 17 6 66 66
0146_0016_0061_0028_0028.jpg 1 16 61 28 28
0147_0024_0010_0065_0065.jpg 1 24 10 65 65
0148_0018_0023_0068_0068.jpg 1 18 23 68 68
0149_0023_0015_0046_0046.jpg 1 23 15 46 46
0150_0028_0044_0048_0048.jpg 1 28 44 48 48
0151_0042_0046_0039_0039.jpg 1 42 46 39 39
0152_0037_0026_0024_0024.jpg 1 37 26 24 24
0153_0012_0019_0059_0059.jpg 1 12 19 59 59
0154_0029_0007_0031_0031.jpg 1 29 7 31 31
0155_0019_0020_0066_0066.jpg 1 19 20 66 66
0156_0017_0025_0029_0029.jpg 1 17 25 29 29
0157_0036_0021_0039_0039.jpg 1 36 21 39 39
0158_0038_0043_0035_0035.jpg 1 38 43 35 35
0159_0017_0062_0026_0026.jpg 1 17 62 26 26
0160_0007_0018_0059_0059.jpg 1 7 18 59 59
0161_0006_0023_0059_0059.jpg 1 6 23 59 59
0162_0037_0013_0035_0035.jpg 1 37 13 35 35
0163_0015_0017_0060_0060.jpg 1 15 17 60 60
0164_0012_0022_0042_0042.jpg 1 12 22 42 42
0165_0016_0006_0067_0067.jpg 1 16 6 67 67
0166_0032_0021_0063_0063.jpg 1 32 21 63 63
0167_0015_0021_0061_0061.jpg 1 15 21 61 61
0168_0013_0014_0051_0051.jpg 1 13 14 51 51
0169_0017_0016_0049_0049.jpg 1 17 16 49 49
0170_0009_0006_0057_0057.jpg 1 9 6 57 57
0171_0029_0019_0061_0061.jpg 1 29 19 61 61
0172_0046_0041_0035_0035.jpg 1 46 41 35 35
0173_0022_0008_0036_0036.jpg 1 22 8 36 36
0174_0007_0020_0062_0062.jpg 1 7 20 62 62
0175_0006_0020_0064_0064.jpg 1 6 20 64 64
0176_0007_0038_0057_0057.jpg 1 7 38 57 57
0177_0008_0025_0058_0058.jpg 1 8 25 58 58
0178_0013_0009_0058_0058.jpg 1 13 9 58 58
0179_0014_0019_0053_0053.jpg 1 14 19 53 53
0180_0019_0019_0055_0055.jpg 1 19 19 55 55
0181_0025_0017_0069_0069.jpg 1 25 17 69 69
0182_0006_0015_0069_0069.jpg 1 6 15 69 69
0183_0034_0008_0056_0056.jpg 1 34 8 56 56
0184_0009_0008_0069_0069.jpg 1 9 8 69 69
0185_0023_0049_0035_0035.jpg 1 23 49 35 35
0186_0009_0007_0068_0068.jpg 1 9 7 68 68
0187_0032_0019_0032_0032.jpg 1 32 19 32 32
0188_0018_0040_0053_0053.jpg 1 18 40 53 53
0189_0046_0038_0043_0043.jpg 1 46 38 43 43
0190_0011_0025_0066_0066.jpg 1 11 25 66 66
0191_0017_0018_0027_0027.jpg 1 17 18 27 27
0192_0046_0014_0034_0034.jpg 1 46 14 34 34
0193_0014_0012_0060_0060.jpg 1 14 12 60 60
0194_0013_0054_0029_0029.jpg 1 13 54 29 29
0195_0045_0022_0035_0035.jpg 1 45 22 35 35
0196_0007_0009_0052_0052.jpg 1 7 9 52 52
0197_0039_0030_0041_0041.jpg 1 39 30 41 41
0198_0041_0026_0043_0043.jpg 1 41 26 43 43
0199_0048_0050_0037_0037.jpg 1 48 50 37 37
0200_0023_0025_0061_0061.jpg 1 23 25 61 61
0201_0031_0008_0038_0038.jpg 1 31 8 38 38
0202_0008_0030_0036_0036.jpg 1 8 30 36 36
0203_0011_0005_0047_0047.jpg 1 11 5 47 47
0204_0012_0024_0068_0068.jpg 1 12 24 68 68
0205_0013_0017_0056_0056.jpg 1 13 17 56 56
0206_0034_0010_0047_0047.jpg 1 34 10 47 47
0207_0034_0050_0032_0032.jpg 1 34 50 32 32
0208_0036_0014_0026_0026.jpg 1 36 14 26 26
0209_0028_0007_0044_0044.jpg 1 28 7 44 44
0210_0011_0031_0057_0057.jpg 1 11 31 57 57
0211_0021_0020_0061_0061.jpg 1 21 20 61 61
0212_0037_0036_0025_0025.jpg 1 37 36 25 25
0213_0025_0009_0069_0069.jpg 1 25 9 69 69
0214_0026_0016_0044_0044.jpg 1 26 16 44 44
0215_0018_0056_0026_0026.jpg 1 18 56 26 26
0216_0028_0022_0044_0044.jpg 1 28 22 44 44
0217_0016_0037_0053_0053.jpg 1 16 37 53 53
0218_0008_0014_0063_0063.jpg 1 8 14 63 63
0219_0031_0025_0062_0062.jpg 1 31 25 62 62
0220_0033_0052_0041_0041.jpg 1 33 52 41 41
0221_0014_0009_0030_0030.jpg 1 14 9 30 30
0222_0024_0026_0060_0060.jpg 1 24 26 60 60
0223_0052_0059_0025_0025.jpg 1 52 59 25 25
0224_0024_0005_0064_0064.jpg 1 24 5 64 64
0225_0029_0015_0058_0058.jpg 1 29 15 58 58
0226_0037_0005_0045_0045.jpg 1 37 5 45 45
0227_0018_0012_0042_0042.jpg 1 18 12 42 42
0228_0028_0020_0060_0060.jpg 1 28 20 60 60
0229_0022_0010_0046_0046.jpg 1 22 10 46 46
0230_0020_0019_0049_0049.jpg 1 20 19 49 49
0231_0018_0020_0044_0044.jpg 1 18 20 44 44
0232_0026_0044_0025_0025.jpg 1 26 44 25 25
0233_0011_0048_0028_0028.jpg 1 11 48 28 28
0234_0023_0008_0061_0061.jpg 1 23 8 61 61
0235_0013_0005_0065_0065.jpg 1 13 5 65 65
0236_0024_0018_0028_0028.jpg 1 24 18 28 28
0237_0020_0018_0065_0065.jpg 1 20 18 65 65
0238_0026_0004_0068_0068.jpg 1 26 4 68 68
0239_0041_0039_0033_0033.jpg 1 41 39 33 33
0240_0039_0034_0044_0044.jpg 1 39 34 44 44
0241_0019_0005_0059_0059.jpg 1 19 5 59 59
0242_0011_0056_0033_0033.jpg 1 11 56 33 33
0243_0005_0012_0053_0053.jpg 1 5 12 53 53
0244_0024_0021_0051_0051.jpg 1 24 21 51 51
0245_0023_0036_0044_0044.jpg 1 23 36 44 44
0246_0021_0051_0038_0038.jpg 1 21 51 38 38
0247_0043_0017_0031_0031.jpg 1 43 17 31 31
0248_0031_0015_0061_0061.jpg 1 31 15 61 61
0249_0041_0015_0051_0051.jpg 1 41 15 51 51
0250_0009_0008_0060_0060.jpg 1 9 8 60 60
0251_0050_0036_0031_0031.jpg 1 50 36 31 31
0252_0029_0032_0057_0057.jpg 1 29 32 57 57
0253_0027_0018_0057_0057.jpg 1 27 18 57 57
0254_0028_0007_0065_0065.jpg 1 28 7 65 65
0255_0021_0040_0051_0051.jpg 1 21 40 51 51
0256_0039_0028_0056_0056.jpg 1 39 28 56 56
0257_0006_0041_0051_0051.jpg 1 6 41 51 51
0258_0014_0019_0044_0044.jpg 1 14 19 44 44
0259_0016_0030_0056_0056.jpg 1 16 30 56 56
0260_0008_0038_0026_0026.jpg 1 8 38 26 26
0261_0038_0006_0051_0051.jpg 1 38 6 51 51
0262_0020_0035_0037_0037.jpg 1 20 35 37 37
0263_0025_0052_0042_0042.jpg 1 25 52 42 42
0264_0015_0014_0059_0059.jpg 1 15 14 59 59
0265_0029_0039_0050_0050.jpg 1 29 39 50 50
0266_0028_0014_0053_0053.jpg 1 28 14 53 53
0267_0049_0036_0035_0035.jpg 1 49 36 35 35
0268_0014_0043_0047_0047.jpg 1 14 43 47 47
0269_0026_0034_0059_0059.jpg 1 26 34 59 59
0270_0046_0038_0024_0024.jpg 1 46 38 24 24
0271_0040_0042_0034_0034.jpg 1 40 42 34 34
0272_0032_0006_0062_0062.jpg 1 32 6 62 62
0273_0045_0034_0049_0049.jpg 1 45 34 49 49
0274_0049_0035_0042_0042.jpg 1 49 35 42 42
0275_0013_0009_0057_0057.jpg 1 13 9 57 57
0276_0008_0016_0069_0069.jpg 1 8 16 69 69
0277_0050_0034_0041_0041.jpg 1 50 34 41 41
0278_0047_0015_0031_0031.jpg 1 47 15 31 31
0279_0015_0053_0033_0033.jpg 1 15 53 33 33
0280_0023_0015_0056_0056.jpg 1 23 15 56 56
0281_0051_0044_0035_0035.jpg 1 51 44 35 35
0282_0043_0052_0030_0030.jpg 1 43 52 30 30
0283_0051_0044_0031_0031.jpg 1 51 44 31 31
0284_0010_0022_0027_0027.jpg 1 10 22 27 27
0285_0018_0066_0025_0025.jpg 1 18 66 25 25
0286_0034_0027_0047_0047.jpg 1 34 27 47 47
0287_0011_0032_0060_0060.jpg 1 11 32 60 60
0288_0029_0008_0067_0067.jpg 1 29 8 67 67
0289_0018_0046_0030_0030.jpg 1 18 46 30 30
0290_0013_0030_0034_0034.jpg 1 13 30 34 34
0291_0010_0027_0038_0038.jpg 1 10 27 38 38
0292_0040_0031_0028_0028.jpg 1 40 31 28 28
0293_0058_0054_0026_0026.jpg 1 58 54 26 26
0294_0007_0028_0055_0055.jpg 1 7 28 55 55
0295_0057_0009_0029_0029.jpg 1 57 9 29 29
0296_0033_0049_0025_0025.jpg 1 33 49 25 25
0297_0050_0014_0028_0028.jpg 1 50 14 28 28
0298_0038_0038_0054_0054.jpg 1 38 38 54 54
0299_0016_0027_0057_0057.jpg 1 16 27 57 57
0300_0022_0037_0044_0044.jpg 1 22 37 44 44
0301_0013_0047_0031_0031.jpg 1 13 47 31 31
0302_0055_0042_0038_0038.jpg 1 55 42 38 38
0303_0028_0011_0045_0045.jpg 1 28 11 45 45
0304_0043_0036_0034_0034.jpg 1 43 36 34 34
0305_0015_0043_0046_0046.jpg 1 15 43 46 46
0306_0018_0023_0030_0030.jpg 1 18 23 30 30
0307_0007_0009_0039_0039.jpg 1 7 9 39 39
0308_0015_0021_0069_0069.jpg 1 15 21 69 69
0309_0058_0057_0027_0027.jpg 1 58 57 27 27
0310_0053_0045_0034_0034.jpg 1 53 45 34 34
0311_0021_0037_0046_0046.jpg 1 21 37 46 46
0312_0003_0018_0068_0068.jpg 1 3 18 68 68
0313_0029_0059_0024_0024.jpg 1 29 59 24 24
0314_0005_0003_0069_0069.jpg 1 5 3 69 69
0315_0029_0006_0057_0057.jpg 1 29 6 57 57
0316_0041_0052_0037_0037.jpg 1 41 52 37 37
0317_0012_0009_0047_0047.jpg 1 12 9 47 47
0318_0038_0022_0025_0025.jpg 1 38 22 25 25
0319_0055_0059_0030_0030.jpg 1 55 59 30 30
0320_0021_0013_0049_0049.jpg 1 21 13 49 49
0321_0014_0030_0037_0037.jpg 1 14 30 37 37
0322_0003_0019_0068_0068.jpg 1 3 19 68 68
0323_0050_0026_0039_0039.jpg 1 50 26 39 39
0324_0006_0016_0052_0052.jpg 1 6 16 52 52
0325_0041_0023_0045_0045.jpg 1 41 23 45 45
0326_0014_0020_0049_0049.jpg 1 14 20 49 49
0327_0048_0007_0030_0030.jpg 1 48 7 30 30
0328_0016_0025_0061_0061.jpg 1 16 25 61 61
0329_0010_0013_0031_0031.jpg 1 10 13 31 31
0330_0006_0027_0056_0056.jpg 1 6 27 56 56
0331_0031_0033_0028_0028.jpg 1 31 33 28 28
0332_0027_0019_0044_0044.jpg 1 27 19 44 44
0333_0051_0052_0031_0031.jpg 1 51 52 31 31
0334_0038_0027_0032_0032.jpg 1 38 27 32 32
0335_0066_0044_0025_0025.jpg 1 66 44 25 25
0336_0026_0020_0068_0068.jpg 1 26 20 68 68
0337_0017_0031_0065_0065.jpg 1 17 31 65 65
0338_0033_0039_0038_0038.jpg 1 33 39 38 38
0339_0006_0025_0051_0051.jpg 1 6 25 51 51
0340_0043_0009_0045_0045.jpg 1 43 9 45 45
0341_0017_0024_0067_0067.jpg 1 17 24 67 67
0342_0022_0024_0066_0066.jpg 1 22 24 66 66
0343_0032_0018_0058_0058.jpg 1 32 18 58 58
0344_0054_0029_0033_0033.jpg 1 54 29 33 33
0345_0009_0038_0024_0024.jpg 1 9 38 24 24
0346_0030_0050_0039_0039.jpg 1 30 50 39 39
0347_0025_0040_0042_0042.jpg 1 25 40 42 42
0348_0015_0044_0029_0029.jpg 1 15 44 29 29
0349_0015_0011_0056_0056.jpg 1 15 11 56 56
0350_0008_0023_0065_0065.jpg 1 8 23 65 65
0351_0022_0013_0066_0066.jpg 1 22 13 66 66
0352_0046_0025_0045_0045.jpg 1 46 25 45 45
0353_0028_0026_0033_0033.jpg 1 28 26 33 33
0354_0034_0008_0043_0043.jpg 1 34 8 43 43
0355_0040_0022_0050_0050.jpg 1 40 22 50 50
0356_0048_0015_0029_0029.jpg 1 48 15 29 29
0357_0023_0014_0066_0066.jpg 1 23 14 66 66
0358_0023_0007_0062_0062.jpg 1 23 7 62 62
0359_0032_0010_0056_0056.jpg 1 32 10 56 56
0360_0035_0009_0054_0054.jpg 1 35 9 54 54
0361_0034_0035_0031_0031.jpg 1 34 35 31 31
0362_0019_0025_0069_0069.jpg 1 19 25 69 69
0363_0052_0027_0024_0024.jpg 1 52 27 24 24
0364_0017_0005_0052_0052.jpg 1 17 5 52 52
0365_0017_0037_0025_0025.jpg 1 17 37 25 25
0366_0028_0008_0053_0053.jpg 1 28 8 53 53
0367_0007_0009_0047_0047.jpg 1 7 9 47 47
0368_0014_0010_0038_0038.jpg 1 14 10 38 38
0369_0055_0017_0027_0027.jpg 1 55 17 27 27
0370_0023_0025_0069_0069.jpg 1 23 25 69 69
0371_0035_0010_0025_0025.jpg 1 35 10 25 25
0372_0027_0009_0060_0060.jpg 1 27 9 60 60
0373_0050_0035_0040_0040.jpg 1 50 35 40 40
0374_0027_0024_0061_0061.jpg 1 27 24 61 61
0375_0048_0032_0033_0033.jpg 1 48 32 33 33
0376_0016_0030_0031_0031.jpg 1 16 30 31 31
0377_0023_0047_0033_0033.jpg 1 23 47 33 33
0378_0012_0035_0042_0042.jpg 1 12 35 42 42
0379_0045_0021_0048_0048.jpg 1 45 21 48 48
0380_0060_0065_0026_0026.jpg 1 60 65 26 26
0381_0010_0026_0031_0031.jpg 1 10 26 31 31
0382_0039_0033_0045_0045.jpg 1 39 33 45 45
0383_0020_0007_0062_0062.jpg 1 20 7 62 62
0384_0022_0038_0048_0048.jpg 1 22 38 48 48
0385_0017_0039_0044_0044.jpg 1 17 39 44 44
0386_0038_0017_0040_0040.jpg 1 38 17 40 40
0387_0011_0022_0041_0041.jpg 1 11 22 41 41
0388_0023_0023_0045_0045.jpg 1 23 23 45 45
0389_0053_0009_0033_0033.jpg 1 53 9 33 33
0390_0004_0005_0060_0060.jpg 1 4 5 60 60
0391_0025_0020_0046_0046.jpg 1 25 20 46 46
0392_0021_0011_0051_0051.jpg 1 21 11 51 51
0393_0040_0022_0044_0044.jpg 1 40 22 44 44
0394_0009_0017_0063_0063.jpg 1 9 17 63 63
0395_0008_0030_0046_0046.jpg 1 8 30 46 46
0396_0033_0053_0024_0024.jpg 1 33 53 24 24
0397_0022_0028_0036_0036.jpg 1 22 28 36 36
0398_0015_0022_0024_0024.jpg 1 15 22 24 24
0399_0030_0013_0031_0031.jpg 1 30 13 31 31
0400_0028_0038_0038_0038.jpg 1 28 38 38 38
0401_0032_0011_0064_0064.jpg 1 32 11 64 64
0402_0008_0052_0041_0041.jpg 1 8 52 41 41
0403_0046_0048_0028_0028.jpg 1 46 48 28 28
0404_0056_0013_0036_0036.jpg 1 56 13 36 36
0405_0029_0059_0031_0031.jpg 1 29 59 31 31
0406_0033_0024_0061_0061.jpg 1 33 24 61 61
0407_0044_0029_0034_0034.jpg 1 44 29 34 34
0408_0027_0017_0064_0064.jpg 1 27 17 64 64
0409_0017_0008_0068_0068.jpg 1 17 8 68 68
0410_0015_0041_0043_0043.jpg 1 15 41 43 43
0411_0016_0021_0060_0060.jpg 1 16 21 60 60
0412_0025_0033_0036_0036.jpg 1 25 33 36 36
0413_0004_0005_0069_0069.jpg 1 4 5 69 69
0414_0007_0032_0056_0056.jpg 1 7 32 56 56
0415_0014_0025_0061_0061.jpg 1 14 25 61 61
0416_0021_0027_0057_0057.jpg 1 21 27 57 57
0417_0032_0022_0047_0047.jpg 1 32 22 47 47
0418_0017_0007_0054_0054.jpg 1 17 7 54 54
0419_0029_0012_0046_0046.jpg 1 29 12 46 46
0420_0044_0008_0033_0033.jpg 1 44 8 33 33
0421_0035_0023_0030_0030.jpg 1 35 23 30 30
0422_0042_0017_0045_0045.jpg 1 42 17 45 45
0423_0032_0024_0044_0044.jpg 1 32 24 44 44
0424_0020_0037_0058_0058.jpg 1 20 37 58 58
0425_0037_0014_0035_0035.jpg 1 37 14 35 35
0426_0032_0038_0041_0041.jpg 1 32 38 41 41
0427_0027_0020_0054_0054.jpg 1 27 20 54 54
0428_0038_0018_0051_0051.jpg 1 38 18 51 51
0429_0013_0019_0028_0028.jpg 1 13 19 28 28
0430_0022_0036_0046_0046.jpg 1 22 36 46 46
0431_0007_0013_0034_0034.jpg 1 7 13 34 34
0432_0042_0040_0048_0048.jpg 1 42 40 48 48
0433_0015_0040_0049_0049.jpg 1 15 40 49 49
0434_0013_0027_0051_0051.jpg 1 13 27 51 51
0435_0029_0034_0042_0042.jpg 1 29 34 42 42
0436_0051_0045_0039_0039.jpg 1 51 45 39 39
0437_0032_0019_0047_0047.jpg 1 32 19 47 47
0438_0009_0020_0054_0054.jpg 1 9 20 54 54
0439_0040_0047_0040_0040.jpg 1 40 47 40 40
0440_0027_0017_0053_0053.jpg 1 27 17 53 53
0441_0009_0039_0040_0040.jpg 1 9 39 40 40
0442_0036_0032_0054_0054.jpg 1 36 32 54 54
0443_0034_0023_0052_0052.jpg 1 34 23 52 52
0444_0044_0047_0044_0044.jpg 1 44 47 44 44
0445_0016_0024_0025_0025.jpg 1 16 24 25 25
0446_0008_0007_0044_0044.jpg 1 8 7 44 44
0447_0025_0045_0048_0048.jpg 1 25 45 48 48
0448_0041_0028_0044_0044.jpg 1 41 28 44 44
0449_0021_0022_0056_0056.jpg 1 21 22 56 56
0450_0030_0023_0038_0038.jpg 1 30 23 38 38
0451_0016_0021_0061_0061.jpg 1 16 21 61 61
0452_0025_0020_0027_0027.jpg 1 25 20 27 27
0453_0004_0031_0056_0056.jpg 1 4 31 56 56
0454_0028_0006_0044_0044.jpg 1 28 6 44 44
0455_0014_0030_0025_0025.jpg 1 14 30 25 25
0456_0009_0034_0060_0060.jpg 1 9 34 60 60
0457_0047_0009_0024_0024.jpg 1 47 9 24 24
0458_0036_0028_0058_0058.jpg 1 36 28 58 58
0459_0012_0005_0065_0065.jpg 1 12 5 65 65
0460_0022_0052_0032_0032.jpg 1 22 52 32 32
0461_0005_0028_0056_0056.jpg 1 5 28 56 56
0462_0011_0032_0047_0047.jpg 1 11 32 47 47
0463_0007_0045_0045_0045.jpg 1 7 45 45 45
0464_0044_0025_0030_0030.jpg 1 44 25 30 30
0465_0020_0008_0050_0050.jpg 1 20 8 50 50
0466_0043_0038_0041_0041.jpg 1 43 38 41 41
0467_0010_0015_0061_0061.jpg 1 10 15 61 61
0468_0016_0034_0041_0041.jpg 1 16 34 41 41
0469_0027_0025_0024_0024.jpg 1 27 25 24 24
0470_0027_0045_0027_0027.jpg 1 27 45 27 27
0471_0059_0055_0025_0025.jpg 1 59 55 25 25
0472_0003_0014_0069_0069.jpg 1 3 14 69 69
0473_0043_0051_0034_0034.jpg 1 43 51 34 34
0474_0020_0005_0053_0053.jpg 1 20 5 53 53
0475_0024_0029_0032_0032.jpg 1 24 29 32 32
0476_0029_0020_0061_0061.jpg 1 29 20 61 61
0477_0016_0024_0061_0061.jpg 1 16 24 61 61
0478_0047_0014_0040_0040.jpg 1 47 14 40 40
0479_0014_0011_0064_0064.jpg 1 14 11 64 64
0480_0037_0016_0047_0047.jpg 1 37 16 47 47
0481_0023_0021_0069_0069.jpg 1 23 21 69 69
0482_0029_0027_0032_0032.jpg 1 29 27 32 32
0483_0030_0023_0053_0053.jpg 1 30 23 53 53
0484_0006_0046_0044_0044.jpg 1 6 46 44 44
0485_0043_0054_0037_0037.jpg 1 43 54 37 37
0486_0010_0015_0068_0068.jpg 1 10 15 68 68
0487_0046_0060_0025_0025.jpg 1 46 60 25 25
0488_0040_0046_0037_0037.jpg 1 40 46 37 37
0489_0023_0021_0064_0064.jpg 1 23 21 64 64
0490_0018_0050_0042_0042.jpg 1 18 50 42 42
0491_0018_0009_0043_0043.jpg 1 18 9 43 43
0492_0029_0005_0052_0052.jpg 1 29 5 52 52
0493_0059_0033_0026_0026.jpg 1 59 33 26 26
0494_0055_0058_0026_0026.jpg 1 55 58 26 26
0495_0012_0017_0047_0047.jpg 1 12 17 47 47
0496_0026_0011_0048_0048.jpg 1 26 11 48 48
0497_0033_0032_0047_0047.jpg 1 33 32 47 47
0498_0012_0006_0062_0062.jpg 1 12 6 62 62
0499_0065_0056_0026_0026.jpg 1 65 56 26 26
0500_0050_0023_0035_0035.jpg 1 50 23 35 35
0501_0025_0031_0052_0052.jpg 1 25 31 52 52
0502_0007_0024_0065_0065.jpg 1 7 24 65 65
0503_0023_0012_0056_0056.jpg 1 23 12 56 56
0504_0023_0006_0069_0069.jpg 1 23 6 69 69
0505_0053_0065_0024_0024.jpg 1 53 65 24 24
0506_0042_0026_0027_0027.jpg 1 42 26 27 27
0507_0026_0029_0067_0067.jpg 1 26 29 67 67
0508_0018_0062_0024_0024.jpg 1 18 62 24 24
0509_0007_0009_0058_0058.jpg 1 7 9 58 58
0510_0012_0027_0046_0046.jpg 1 12 27 46 46
0511_0028_0008_0064_0064.jpg 1 28 8 64 64
0512_0012_0034_0061_0061.jpg 1 12 34 61 61
0513_0017_0024_0057_0057.jpg 1 17 24 57 57
0514_0022_0024_0061_0061.jpg 1 22 24 61 61
0515_0030_0023_0059_0059.jpg 1 30 23 59 59
0516_0036_0040_0041_0041.jpg 1 36 40 41 41
0517_0050_0014_0039_0039.jpg 1 50 14 39 39
0518_0048_0009_0040_0040.jpg 1 48 9 40 40
0519_0005_0019_0049_0049.jpg 1 5 19 49 49
0520_0006_0024_0041_0041.jpg 1 6 24 41 41
0521_0038_0040_0055_0055.jpg 1 38 40 55 55
0522_0018_0034_0055_0055.jpg 1 18 34 55 55
0523_0039_0010_0041_0041.jpg 1 39 10 41 41
0524_0013_0020_0051_0051.jpg 1 13 20 51 51
0525_0025_0051_0033_0033.jpg 1 25 51 33 33
0526_0009_0043_0044_0044.jpg 1 9 43 44 44
0527_0009_0036_0054_0054.jpg 1 9 36 54 54
0528_0030_0033_0044_0044.jpg 1 30 33 44 44
0529_0027_0016_0045_0045.jpg 1 27 16 45 45
0530_0014_0035_0055_0055.jpg 1 14 35 55 55
0531_0046_0038_0026_0026.jpg 1 46 38 26 26
0532_0007_0035_0041_0041.jpg 1 7 35 41 41
0533_0037_0016_0053_0053.jpg 1 37 16 53 53
0534_0010_0030_0040_0040.jpg 1 10 30 40 40
0535_0018_0028_0062_0062.jpg 1 18 28 62 62
0536_0014_0005_0064_0064.jpg 1 14 5 64 64
0537_0030_0014_0053_0053.jpg 1 30 14 53 53
0538_0035_0052_0025_0025.jpg 1 35 52 25 25
0539_0011_0012_0046_0046.jpg 1 11 12 46 46
0540_0060_0046_0033_0033.jpg 1 60 46 33 33
0541_0015_0008_0040_0040.jpg 1 15 8 40 40
0542_0011_0036_0034_0034.jpg 1 11 36 34 34
0543_0007_0008_0066_0066.jpg 1 7 8 66 66
0544_0016_0024_0068_0068.jpg 1 16 24 68 68
0545_0054_0022_0030_0030.jpg 1 54 22 30 30
0546_0011_0032_0046_0046.jpg 1 11 32 46 46
0547_0015_0015_0026_0026.jpg 1 15 15 26 26
0548_0026_0031_0062_0062.jpg 1 26 31 62 62
0549_0005_0024_0060_0060.jpg 1 5 24 60 60
0550_0030_0029_0025_0025.jpg 1 30 29 25 25
0551_0057_0027_0036_0036.jpg 1 57 27 36 36
0552_0045_0006_0036_0036.jpg 1 45 6 36 36
0553_0012_0062_0030_0030.jpg 1 12 62 30 30
0554_0028_0030_0065_0065.jpg 1 28 30 65 65
0555_0033_0013_0048_0048.jpg 1 33 13 48 48
0556_0022_0006_0054_0054.jpg 1 22 6 54 54
0557_0034_0009_0028_0028.jpg 1 34 9 28 28
0558_0012_0029_0035_0035.jpg 1 12 29 35 35
0559_0017_0027_0061_0061.jpg 1 17 27 61 61
0560_0040_0031_0032_0032.jpg 1 40 31 32 32
0561_0006_0009_0066_0066.jpg 1 6 9 66 66
0562_0028_0011_0059_0059.jpg 1 28 11 59 59
0563_0007_0017_0063_0063.jpg 1 7 17 63 63
0564_0026_0030_0035_0035.jpg 1 26 30 35 35
0565_0036_0049_0041_0041.jpg 1 36 49 41 41
0566_0009_0027_0042_0042.jpg 1 9 27 42 42
0567_0030_0014_0055_0055.jpg 1 30 14 55 55
0568_0017_0008_0064_0064.jpg 1 17 8 64 64
0569_0003_0024_0069_0069.jpg 1 3 24 69 69
0570_0050_0052_0039_0039.jpg 1 50 52 39 39
0571_0014_0008_0063_0063.jpg 1 14 8 63 63
0572_0024_0014_0024_0024.jpg 1 24 14 24 24
0573_0012_0031_0044_0044.jpg 1 12 31 44 44
0574_0050_0039_0036_0036.jpg 1 50 39 36 36
0575_0020_0008_0068_0068.jpg 1 20 8 68 68
0576_0033_0014_0044_0044.jpg 1 33 14 44 44
0577_0028_0029_0033_0033.jpg 1 28 29 33 33
0578_0023_0016_0068_0068.jpg 1 23 16 68 68
0579_0040_0045_0039_0039.jpg 1 40 45 39 39
0580_0013_0032_0040_0040.jpg 1 13 32 40 40
0581_0012_0028_0065_0065.jpg 1 12 28 65 65
0582_0011_0029_0029_0029.jpg 1 11 29 29 29
0583_0017_0056_0037_0037.jpg 1 17 56 37 37
0584_0027_0007_0052_0052.jpg 1 27 7 52 52
0585_0017_0020_0055_0055.jpg 1 17 20 55 55
0586_0029_0048_0029_0029.jpg 1 29 48 29 29
0587_0023_0060_0026_0026.jpg 1 23 60 26 26
0588_0017_0025_0060_0060.jpg 1 17 25 60 60
0589_0025_0004_0066_0066.jpg 1 25 4 66 66
0590_0011_0051_0038_0038.jpg 1 11 51 38 38
0591_0023_0024_0061_0061.jpg 1 23 24 61 61
0592_0009_0029_0058_0058.jpg 1 9 29 58 58
0593_0039_0044_0050_0050.jpg 1 39 44 50 50
0594_0031_0057_0024_0024.jpg 1 31 57 24 24
0595_0017_0044_0030_0030.jpg 1 17 44 30 30
0596_0059_0046_0033_0033.jpg 1 59 46 33 33
0597_0017_0030_0061_0061.jpg 1 17 30 61 61
0598_0021_0014_0057_0057.jpg 1 21 14 57 57
0599_0030_0009_0063_0063.jpg 1 30 9 63 63
0600_0029_0017_0038_0038.jpg 1 29 17 38 38
0601_0011_0039_0051_0051.jpg 1 11 39 51 51
0602_0042_0012_0042_0042.jpg 1 42 12 42 42
0603_0027_0008_0048_0048.jpg 1 27 8 48 48
0604_0029_0039_0045_0045.jpg 1 29 39 45 45
0605_0023_0042_0034_0034.jpg 1 23 42 34 34
0606_0025_0039_0036_0036.jpg 1 25 39 36 36
0607_0014_0058_0028_0028.jpg 1 14 58 28 28
0608_0058_0023_0027_0027.jpg 1 58 23 27 27
0609_0019_0049_0043_0043.jpg 1 19 49 43 43
0610_0013_0023_0044_0044.jpg 1 13 23 44 44
0611_0023_0027_0067_0067.jpg 1 23 27 67 67
0612_0003_0009_0066_0066.jpg 1 3 9 66 66
0613_0036_0016_0036_0036.jpg 1 36 16 36 36
0614_0009_0029_0056_0056.jpg 1 9 29 56 56
0615_0019_0025_0036_0036.jpg 1 19 25 36 36
0616_0030_0010_0063_0063.jpg 1 30 10 63 63
0617_0027_0004_0062_0062.jpg 1 27 4 62 62
0618_0022_0025_0029_0029.jpg 1 22 25 29 29
0619_0028_0029_0042_0042.jpg 1 28 29 42 42
0620_0039_0040_0043_0043.jpg 1 39 40 43 43
0621_0036_0029_0052_0052.jpg 1 36 29 52 52
0622_0032_0049_0031_0031.jpg 1 32 49 31 31
0623_0062_0026_0029_0029.jpg 1 62 26 29 29
0624_0027_0030_0051_0051.jpg 1 27 30 51 51
0625_0024_0012_0060_0060.jpg 1 24 12 60 60
0626_0060_0034_0030_0030.jpg 1 60 34 30 30
0627_0024_0036_0050_0050.jpg 1 24 36 50 50
0628_0021_0036_0049_0049.jpg 1 21 36 49 49
0629_0046_0020_0026_0026.jpg 1 46 20 26 26
0630_0058_0051_0025_0025.jpg 1 58 51 25 25
0631_0039_0044_0047_0047.jpg 1 39 44 47 47
0632_0014_0025_0046_0046.jpg 1 14 25 46 46
0633_0050_0008_0025_0025.jpg 1 50 8 25 25
0634_0005_0032_0049_0049.jpg 1 5 32 49 49
0635_0062_0053_0026_0026.jpg 1 62 53 26 26
0636_0039_0033_0026_0026.jpg 1 39 33 26 26
0637_0013_0015_0035_0035.jpg 1 13 15 35 35
0638_0040_0023_0040_0040.jpg 1 40 23 40 40
0639_0007_0040_0053_0053.jpg 1 7 40 53 53
0640_0048_0044_0039_0039.jpg 1 48 44 39 39
0641_0017_0020_0037_0037.jpg 1 17 20 37 37
0642_0014_0030_0036_0036.jpg 1 14 30 36 36
0643_0011_0028_0059_0059.jpg 1 11 28 59 59
0644_0009_0029_0055_0055.jpg 1 9 29 55 55
0645_0007_0031_0065_0065.jpg 1 7 31 65 65
0646_0034_0054_0039_0039.jpg 1 34 54 39 39
0647_0035_0020_0041_0041.jpg 1 35 20 41 41
0648_0016_0009_0059_0059.jpg 1 16 9 59 59
0649_0022_0010_0054_0054.jpg 1 22 10 54 54
0650_0026_0022_0049_0049.jpg 1 26 22 49 49
0651_0012_0059_0027_0027.jpg 1 12 59 27 27
0652_0010_0032_0034_0034.jpg 1 10 32 34 34
0653_0028_0007_0037_0037.jpg 1 28 7 37 37
0654_0014_0005_0068_0068.jpg 1 14 5 68 68
0655_0004_0015_0064_0064.jpg 1 4 15 64 64
0656_0029_0008_0061_0061.jpg 1 29 8 61 61
0657_0014_0028_0054_0054.jpg 1 14 28 54 54
0658_0012_0015_0040_0040.jpg 1 12 15 40 40
0659_0046_0037_0046_0046.jpg 1 46 37 46 46
0660_0051_0049_0026_0026.jpg 1 51 49 26 26
0661_0016_0046_0041_0041.jpg 1 16 46 41 41
0662_0006_0027_0064_0064.jpg 1 6 27 64 64
0663_0004_0020_0066_0066.jpg 1 4 20 66 66
0664_0011_0013_0058_0058.jpg 1 11 13 58 58
0665_0012_0006_0059_0059.jpg 1 12 6 59 59
0666_0027_0039_0040_0040.jpg 1 27 39 40 40
0667_0031_0010_0054_0054.jpg 1 31 10 54 54
0668_0019_0019_0067_0067.jpg 1 19 19 67 67
0669_0056_0017_0030_0030.jpg 1 56 17 30 30
0670_0022_0028_0053_0053.jpg 1 22 28 53 53
0671_0010_0037_0030_0030.jpg 1 10 37 30 30
0672_0056_0020_0031_0031.jpg 1 56 20 31 31
0673_0024_0020_0068_0068.jpg 1 24 20 68 68
0674_0055_0018_0031_0031.jpg 1 55 18 31 31
0675_0007_0047_0045_0045.jpg 1 7 47 45 45
0676_0035_0025_0048_0048.jpg 1 35 25 48 48
0677_0009_0040_0037_0037.jpg 1 9 40 37 37
0678_0048_0058_0033_0033.jpg 1 48 58 33 33
0679_0020_0010_0063_0063.jpg 1 20 10 63 63
0680_0026_0021_0055_0055.jpg 1 26 21 55 55
0681_0016_0020_0043_0043.jpg 1 16 20 43 43
0682_0027_0015_0065_0065.jpg 1 27 15 65 65
0683_0029_0010_0063_0063.jpg 1 29 10 63 63
0684_0013_0009_0049_0049.jpg 1 13 9 49 49
0685_0007_0046_0039_0039.jpg 1 7 46 39 39
0686_0043_0030_0046_0046.jpg 1 43 30 46 46
0687_0014_0013_0035_0035.jpg 1 14 13 35 35
0688_0025_0005_0063_0063.jpg 1 25 5 63 63
0689_0024_0009_0066_0066.jpg 1 24 9 66 66
0690_0040_0014_0038_0038.jpg 1 40 14 38 38
0691_0006_0042_0053_0053.jpg 1 6 42 53 53
0692_0007_0005_0045_0045.jpg 1 7 5 45 45
0693_0016_0036_0032_0032.jpg 1 16 36 32 32
0694_0033_0027_0061_0061.jpg 1 33 27 61 61
0695_0020_0017_0065_0065.jpg 1 20 17 65 65
0696_0021_0013_0033_0033.jpg 1 21 13 33 33
0697_0033_0025_0062_0062.jpg 1 33 25 62 62
0698_0017_0030_0055_0055.jpg 1 17 30 55 55
0699_0015_0006_0054_0054.jpg 1 15 6 54 54
0700_0021_0014_0061_0061.jpg 1 21 14 61 61
0701_0012_0042_0052_0052.jpg 1 12 42 52 52
0702_0044_0039_0050_0050.jpg 1 44 39 50 50
0703_0030_0031_0030_0030.jpg 1 30 31 30 30
0704_0038_0038_0031_0031.jpg 1 38 38 31 31
0705_0017_0027_0057_0057.jpg 1 17 27 57 57
0706_0014_0030_0055_0055.jpg 1 14 30 55 55
0707_0012_0032_0049_0049.jpg 1 12 32 49 49
0708_0029_0004_0066_0066.jpg 1 29 4 66 66
0709_0020_0018_0058_0058.jpg 1 20 18 58 58
0710_0023_0030_0059_0059.jpg 1 23 30 59 59
0711_0027_0012_0046_0046.jpg 1 27 12 46 46
0712_0019_0007_0055_0055.jpg 1 19 7 55 55
0713_0016_0013_0056_0056.jpg 1 16 13 56 56
0714_0059_0021_0024_0024.jpg 1 59 21 24 24
0715_0021_0013_0038_0038.jpg 1 21 13 38 38
0716_0025_0012_0068_0068.jpg 1 25 12 68 68
0717_0015_0007_0062_0062.jpg 1 15 7 62 62
0718_0033_0045_0041_0041.jpg 1 33 45 41 41
0719_0004_0005_0069_0069.jpg 1 4 5 69 69
0720_0003_0008_0069_0069.jpg 1 3 8 69 69
0721_0038_0038_0041_0041.jpg 1 38 38 41 41
0722_0012_0012_0053_0053.jpg 1 12 12 53 53
0723_0047_0055_0033_0033.jpg 1 47 55 33 33
0724_0041_0032_0046_0046.jpg 1 41 32 46 46
0725_0041_0014_0054_0054.jpg 1 41 14 54 54
0726_0018_0032_0047_0047.jpg 1 18 32 47 47
0727_0007_0033_0060_0060.jpg 1 7 33 60 60
0728_0017_0020_0047_0047.jpg 1 17 20 47 47
0729_0030_0036_0041_0041.jpg 1 30 36 41 41
0730_0022_0014_0063_0063.jpg 1 22 14 63 63
0731_0009_0004_0066_0066.jpg 1 9 4 66 66
0732_0005_0008_0067_0067.jpg 1 5 8 67 67
0733_0032_0018_0049_0049.jpg 1 32 18 49 49
0734_0017_0008_0069_0069.jpg 1 17 8 69 69
0735_0012_0009_0062_0062.jpg 1 12 9 62 62
0736_0026_0025_0057_0057.jpg 1 26 25 57 57
0737_0023_0006_0046_0046.jpg 1 23 6 46 46
0738_0038_0015_0047_0047.jpg 1 38 15 47 47
0739_0005_0012_0054_0054.jpg 1 5 12 54 54
0740_0009_0030_0036_0036.jpg 1 9 30 36 36
0741_0059_0017_0031_0031.jpg 1 59 17 31 31
0742_0020_0013_0025_0025.jpg 1 20 13 25 25
0743_0053_0048_0024_0024.jpg 1 53 48 24 24
0744_0018_0006_0052_0052.jpg 1 18 6 52 52
0745_0021_0048_0040_0040.jpg 1 21 48 40 40
0746_0017_0058_0033_0033.jpg 1 17 58 33 33
0747_0019_0011_0067_0067.jpg 1 19 11 67 67
0748_0016_0007_0049_0049.jpg 1 16 7 49 49
0749_0009_0036_0054_0054.jpg 1 9 36 54 54
0750_0032_0024_0047_0047.jpg 1 32 24 47 47
0751_0060_0050_0026_0026.jpg 1 60 50 26 26
0752_0023_0044_0029_0029.jpg 1 23 44 29 29
0753_0057_0008_0030_0030.jpg 1 57 8 30 30
0754_0019_0005_0067_0067.jpg 1 19 5 67 67
0755_0010_0024_0042_0042.jpg 1 10 24 42 42
0756_0023_0046_0045_0045.jpg 1 23 46 45 45
0757_0016_0032_0046_0046.jpg 1 16 32 46 46
0758_0029_0036_0036_0036.jpg 1 29 36 36 36
0759_0061_0021_0025_0025.jpg 1 61 21 25 25
0760_0049_0042_0044_0044.jpg 1 49 42 44 44
0761_0037_0037_0031_0031.jpg 1 37 37 31 31
0762_0047_0050_0037_0037.jpg 1 47 50 37 37
0763_0025_0013_0045_0045.jpg 1 25 13 45 45
0764_0027_0008_0064_0064.jpg 1 27 8 64 64
0765_0025_0024_0062_0062.jpg 1 25 24 62 62
0766_0026_0006_0053_0053.jpg 1 26 6 53 53
0767_0032_0033_0041_0041.jpg 1 32 33 41 41
0768_0032_0018_0047_0047.jpg 1 32 18 47 47
0769_0062_0048_0025_0025.jpg 1 62 48 25 25
0770_0047_0059_0032_0032.jpg 1 47 59 32 32
0771_0022_0014_0032_0032.jpg 1 22 14 32 32
0772_0011_0013_0061_0061.jpg 1 11 13 61 61
0773_0026_0007_0047_0047.jpg 1 26 7 47 47
0774_0040_0039_0054_0054.jpg 1 40 39 54 54
0775_0029_0023_0040_0040.jpg 1 29 23 40 40
0776_0051_0014_0041_0041.jpg 1 51 14 41 41
0777_0032_0027_0050_0050.jpg 1 32 27 50 50
0778_0007_0025_0049_0049.jpg 1 7 25 49 49
0779_0063_0038_0028_0028.jpg 1 63 38 28 28
0780_0012_0006_0060_0060.jpg 1 12 6 60 60
0781_0025_0022_0048_0048.jpg 1 25 22 48 48
0782_0031_0020_0028_0028.jpg 1 31 20 28 28
0783_0009_0034_0058_0058.jpg 1 9 34 58 58
0784_0054_0027_0029_0029.jpg 1 54 27 29 29
0785_0033_0026_0057_0057.jpg 1 33 26 57 57
0786_0032_0024_0061_0061.jpg 1 32 24 61 61
0787_0025_0018_0053_0053.jpg 1 25 18 53 53
0788_0019_0022_0068_0068.jpg 1 19 22 68 68
0789_0031_0009_0055_0055.jpg 1 31 9 55 55
0790_0031_0058_0029_0029.jpg 1 31 58 29 29
0791_0010_0026_0058_0058.jpg 1 10 26 58 58
0792_0020_0006_0069_0069.jpg 1 20 6 69 69
0793_0032_0018_0063_0063.jpg 1 32 18 63 63
0794_0043_0064_0026_0026.jpg 1 43 64 26 26
0795_0010_0012_0053_0053.jpg 1 10 12 53 53
0796_0018_0016_0064_0064.jpg 1 18 16 64 64
0797_0025_0021_0063_0063.jpg 1 25 21 63 63
0798_0027_0051_0039_0039.jpg 1 27 51 39 39
0799_0011_0036_0037_0037.jpg 1 11 36 37 37
0800_0028_0048_0033_0033.jpg 1 28 48 33 33
0801_0040_0046_0039_0039.jpg 1 40 46 39 39
0802_0012_0057_0024_0024.jpg 1 12 57 24 24
0803_0051_0017_0041_0041.jpg 1 51 17 41 41
0804_0052_0037_0034_0034.jpg 1 52 37 34 34
0805_0021_0012_0046_0046.jpg 1 21 12 46 46
0806_0021_0024_0034_0034.jpg 1 21 24 34 34
0807_0021_0014_0061_0061.jpg 1 21 14 61 61
0808_0041_0034_0038_0038.jpg 1 41 34 38 38
0809_0028_0041_0048_0048.jpg 1 28 41 48 48
0810_0020_0048_0026_0026.jpg 1 20 48 26 26
0811_0019_0022_0060_0060.jpg 1 19 22 60 60
0812_0029_0014_0054_0054.jpg 1 29 14 54 54
0813_0051_0054_0035_0035.jpg 1 51 54 35 35
0814_0023_0021_0045_0045.jpg 1 23 21 45 45
0815_0028_0032_0035_0035.jpg 1 28 32 35 35
0816_0005_0017_0067_0067.jpg 1 5 17 67 67
0817_0023_0018_0060_0060.jpg 1 23 18 60 60
0818_0024_0015_0052_0052.jpg 1 24 15 52 52
0819_0006_0020_0045_0045.jpg 1 6 20 45 45
0820_0027_0013_0042_0042.jpg 1 27 13 42 42
0821_0009_0007_0029_0029.jpg 1 9 7 29 29
0822_0027_0052_0031_0031.jpg 1 27 52 31 31
0823_0034_0037_0045_0045.jpg 1 34 37 45 45
0824_0032_0021_0036_0036.jpg 1 32 21 36 36
0825_0179_0294_0041_0041.jpg 1 179 294 41 41
0826_0034_0038_0030_0030.jpg 1 34 38 30 30
0827_0032_0031_0063_0063.jpg 1 32 31 63 63
0828_0009_0050_0044_0044.jpg 1 9 50 44 44
0829_0036_0027_0058_0058.jpg 1 36 27 58 58
0830_0008_0013_0062_0062.jpg 1 8 13 62 62
0831_0043_0044_0035_0035.jpg 1 43 44 35 35
0832_0056_0037_0027_0027.jpg 1 56 37 27 27
0833_0025_0004_0060_0060.jpg 1 25 4 60 60
0834_0023_0023_0026_0026.jpg 1 23 23 26 26
0835_0011_0045_0033_0033.jpg 1 11 45 33 33
0836_0031_0036_0048_0048.jpg 1 31 36 48 48
0837_0009_0045_0029_0029.jpg 1 9 45 29 29
0838_0016_0007_0044_0044.jpg 1 16 7 44 44
0839_0033_0015_0045_0045.jpg 1 33 15 45 45
0840_0018_0042_0048_0048.jpg 1 18 42 48 48
0841_0016_0029_0058_0058.jpg 1 16 29 58 58
0842_0020_0004_0069_0069.jpg 1 20 4 69 69
0843_0024_0036_0050_0050.jpg 1 24 36 50 50
0844_0011_0020_0034_0034.jpg 1 11 20 34 34
0845_0010_0042_0029_0029.jpg 1 10 42 29 29
0846_0016_0034_0025_0025.jpg 1 16 34 25 25
0847_0025_0038_0057_0057.jpg 1 25 38 57 57
0848_0028_0029_0043_0043.jpg 1 28 29 43 43
0849_0014_0007_0037_0037.jpg 1 14 7 37 37
0850_0049_0058_0033_0033.jpg 1 49 58 33 33
0851_0029_0034_0047_0047.jpg 1 29 34 47 47
0852_0033_0039_0046_0046.jpg 1 33 39 46 46
0853_0026_0015_0063_0063.jpg 1 26 15 63 63
0854_0026_0052_0035_0035.jpg 1 26 52 35 35
0855_0009_0052_0031_0031.jpg 1 9 52 31 31
0856_0003_0027_0067_0067.jpg 1 3 27 67 67
0857_0030_0054_0036_0036.jpg 1 30 54 36 36
0858_0026_0035_0032_0032.jpg 1 26 35 32 32
0859_0048_0010_0029_0029.jpg 1 48 10 29 29
0860_0026_0019_0037_0037.jpg 1 26 19 37 37
0861_0017_0005_0068_0068.jpg 1 17 5 68 68
0862_0010_0004_0065_0065.jpg 1 10 4 65 65
0863_0029_0022_0066_0066.jpg 1 29 22 66 66
0864_0020_0021_0069_0069.jpg 1 20 21 69 69
0865_0036_0055_0026_0026.jpg 1 36 55 26 26
0866_0021_0012_0068_0068.jpg 1 21 12 68 68
0867_0017_0010_0024_0024.jpg 1 17 10 24 24
0868_0030_0010_0043_0043.jpg 1 30 10 43 43
0869_0021_0019_0028_0028.jpg 1 21 19 28 28
0870_0013_0036_0046_0046.jpg 1 13 36 46 46
0871_0040_0007_0048_0048.jpg 1 40 7 48 48
0872_0027_0049_0032_0032.jpg 1 27 49 32 32
0873_0004_0008_0065_0065.jpg 1 4 8 65 65
0874_0019_0026_0069_0069.jpg 1 19 26 69 69
0875_0007_0020_0065_0065.jpg 1 7 20 65 65
0876_0021_0012_0037_0037.jpg 1 21 12 37 37
0877_0016_0030_0052_0052.jpg 1 16 30 52 52
0878_0035_0017_0046_0046.jpg 1 35 17 46 46
0879_0013_0018_0061_0061.jpg 1 13 18 61 61
0880_0018_0031_0063_0063.jpg 1 18 31 63 63
0881_0013_0036_0058_0058.jpg 1 13 36 58 58
0882_0030_0035_0041_0041.jpg 1 30 35 41 41
0883_0005_0013_0063_0063.jpg 1 5 13 63 63
0884_0034_0045_0034_0034.jpg 1 34 45 34 34
0885_0034_0010_0052_0052.jpg 1 34 10 52 52
0886_0034_0021_0059_0059.jpg 1 34 21 59 59
0887_0036_0041_0046_0046.jpg 1 36 41 46 46
0888_0013_0022_0051_0051.jpg 1 13 22 51 51
0889_0027_0015_0039_0039.jpg 1 27 15 39 39
0890_0032_0047_0032_0032.jpg 1 32 47 32 32
0891_0004_0009_0059_0059.jpg 1 4 9 59 59
0892_0009_0025_0055_0055.jpg 1 9 25 55 55
0893_0023_0032_0030_0030.jpg 1 23 32 30 30
0894_0058_0041_0031_0031.jpg 1 58 41 31 31
0895_0016_0033_0045_0045.jpg 1 16 33 45 45
0896_0046_0021_0043_0043.jpg 1 46 21 43 43
0897_0043_0039_0030_0030.jpg 1 43 39 30 30
0898_0044_0047_0030_0030.jpg 1 44 47 30 30
0899_0011_0028_0062_0062.jpg 1 11 28 62 62
0900_0007_0025_0068_0068.jpg 1 7 25 68 68
0901_0015_0004_0066_0066.jpg 1 15 4 66 66
0902_0052_0038_0041_0041.jpg 1 52 38 41 41
0903_0046_0012_0033_0033.jpg 1 46 12 33 33
0904_0020_0008_0053_0053.jpg 1 20 8 53 53
0905_0013_0017_0044_0044.jpg 1 13 17 44 44
0906_0005_0008_0068_0068.jpg 1 5 8 68 68
0907_0028_0044_0042_0042.jpg 1 28 44 42 42
0908_0032_0020_0057_0057.jpg 1 32 20 57 57
0909_0016_0005_0067_0067.jpg 1 16 5 67 67
0910_0047_0014_0029_0029.jpg 1 47 14 29 29
0911_0021_0016_0068_0068.jpg 1 21 16 68 68
0912_0017_0025_0025_0025.jpg 1 17 25 25 25
0913_0020_0028_0036_0036.jpg 1 20 28 36 36
0914_0061_0047_0029_0029.jpg 1 61 47 29 29
0915_0028_0020_0052_0052.jpg 1 28 20 52 52
0916_0012_0049_0044_0044.jpg 1 12 49 44 44
0917_0025_0038_0038_0038.jpg 1 25 38 38 38
0918_0035_0028_0056_0056.jpg 1 35 28 56 56
0919_0025_0012_0068_0068.jpg 1 25 12 68 68
0920_0007_0014_0067_0067.jpg 1 7 14 67 67
0921_0009_0009_0069_0069.jpg 1 9 9 69 69
0922_0015_0021_0044_0044.jpg 1 15 21 44 44
0923_0006_0026_0060_0060.jpg 1 6 26 60 60
0924_0025_0014_0069_0069.jpg 1 25 14 69 69
0925_0039_0042_0035_0035.jpg 1 39 42 35 35
0926_0017_0025_0064_0064.jpg 1 17 25 64 64
0927_0026_0010_0067_0067.jpg 1 26 10 67 67
0928_0032_0022_0054_0054.jpg 1 32 22 54 54
0929_0028_0029_0043_0043.jpg 1 28 29 43 43
0930_0010_0035_0039_0039.jpg 1 10 35 39 39
0931_0047_0046_0041_0041.jpg 1 47 46 41 41
0932_0010_0019_0063_0063.jpg 1 10 19 63 63
0933_0025_0038_0030_0030.jpg 1 25 38 30 30
0934_0028_0043_0034_0034.jpg 1 28 43 34 34
0935_0005_0027_0052_0052.jpg 1 5 27 52 52
0936_0009_0034_0049_0049.jpg 1 9 34 49 49
0937_0016_0036_0048_0048.jpg 1 16 36 48 48
0938_0034_0027_0032_0032.jpg 1 34 27 32 32
0939_0010_0033_0042_0042.jpg 1 10 33 42 42
0940_0008_0022_0040_0040.jpg 1 8 22 40 40
